2023-04-19 18:17:56,856 [INFO] Activator:176 - 


2023-04-19 18:17:56,856 [INFO] Activator:177 - !SESSION log4j initialized
2023-04-19 18:17:59,404 [INFO] LogOutputStream:77 - [STDOUT_REDIRECT] 
2023-04-19 18:18:20,454 [ERROR] LogOutputStream:75 - [STDERR_REDIRECT] SLF4J: Failed to load class "org.slf4j.impl.StaticLoggerBinder".
2023-04-19 18:18:20,454 [ERROR] LogOutputStream:75 - [STDERR_REDIRECT] SLF4J: Defaulting to no-operation (NOP) logger implementation
2023-04-19 18:18:20,454 [ERROR] LogOutputStream:75 - [STDERR_REDIRECT] SLF4J: See http://www.slf4j.org/codes.html#StaticLoggerBinder for further details.
2023-04-19 18:18:49,852 [INFO] ApplicationProperties:184 - Using Application install path: E:\ST\STM32CubeIDE_1.12.0\STM32CubeIDE\plugins\com.st.stm32cube.common.mx_6.8.0.202302231600
2023-04-19 18:18:49,874 [INFO] DbMcusXml:78 - Set database path to: E:\ST\STM32CubeIDE_1.12.0\STM32CubeIDE\plugins\com.st.stm32cube.common.mx_6.8.0.202302231600\\db\/mcu/
2023-04-19 18:18:49,874 [INFO] ApiDb:274 - Set plugin database path to: E:\ST\STM32CubeIDE_1.12.0\STM32CubeIDE\plugins\com.st.stm32cube.common.mx_6.8.0.202302231600\\db\/plugins/boardmanager/
2023-04-19 18:18:49,874 [WARN] ApiDb:259 - Overriding images path with different value:  => E:\ST\STM32CubeIDE_1.12.0\STM32CubeIDE\plugins\com.st.stm32cube.common.mx_6.8.0.202302231600\\db\/plugins/mcufinder/images/
2023-04-19 18:18:49,889 [INFO] ApiDb:250 - Set database path to: C:\Users\Ritesh.S\.stmcufinder\plugins\mcufinder//mcu/
2023-04-19 18:18:49,889 [INFO] DbMcusAds:125 - Set database path to: C:\Users\Ritesh.S\.stmcufinder\plugins\mcufinder//mcu/
2023-04-19 18:18:50,005 [INFO] CrossReferenceDbSqlite:203 - Set database path to: C:\Users\Ritesh.S\.stmcufinder\plugins\mcufinder//mcu/cs/
2023-04-19 18:18:50,089 [INFO] RulesReader:64 - Compatibility file has been processed (293 Rules)
2023-04-19 18:18:50,205 [INFO] DbMcusXml:78 - Set database path to: E:\ST\STM32CubeIDE_1.12.0\STM32CubeIDE\plugins\com.st.stm32cube.common.mx_6.8.0.202302231600\\db\/mcu/
2023-04-19 18:18:50,205 [INFO] ApiDb:274 - Set plugin database path to: E:\ST\STM32CubeIDE_1.12.0\STM32CubeIDE\plugins\com.st.stm32cube.common.mx_6.8.0.202302231600\\db\/plugins/boardmanager/
2023-04-19 18:18:50,205 [INFO] ApiDb:261 - Set plugin images path to: E:\ST\STM32CubeIDE_1.12.0\STM32CubeIDE\plugins\com.st.stm32cube.common.mx_6.8.0.202302231600\\db\/plugins/mcufinder/images/
2023-04-19 18:18:50,205 [WARN] DbFile:41 - Overriding database path with different value: C:\Users\Ritesh.S\.stmcufinder\plugins\mcufinder/ => C:\Users\Ritesh.S\.stmcufinder\plugins\mcufinder
2023-04-19 18:18:50,206 [INFO] ApiDb:250 - Set database path to: C:\Users\Ritesh.S\.stmcufinder\plugins\mcufinder//mcu/
2023-04-19 18:18:50,206 [WARN] DbFile:41 - Overriding database path with different value: C:\Users\Ritesh.S\.stmcufinder\plugins\mcufinder/ => C:\Users\Ritesh.S\.stmcufinder\plugins\mcufinder
2023-04-19 18:18:50,206 [INFO] DbMcusAds:125 - Set database path to: C:\Users\Ritesh.S\.stmcufinder\plugins\mcufinder//mcu/
2023-04-19 18:18:50,206 [WARN] DbFile:41 - Overriding database path with different value: C:\Users\Ritesh.S\.stmcufinder\plugins\mcufinder/ => C:\Users\Ritesh.S\.stmcufinder\plugins\mcufinder
2023-04-19 18:18:50,206 [WARN] DbFile:41 - Overriding database path with different value: C:\Users\Ritesh.S\.stmcufinder\plugins\mcufinder/ => C:\Users\Ritesh.S\.stmcufinder\plugins\mcufinder
2023-04-19 18:18:50,206 [INFO] CrossReferenceDbSqlite:203 - Set database path to: C:\Users\Ritesh.S\.stmcufinder\plugins\mcufinder//mcu/cs/
2023-04-19 18:18:50,322 [INFO] MainPanel:253 - HeapMemory: 303038464
2023-04-19 18:18:50,405 [INFO] DbMcusXml:78 - Set database path to: E:\ST\STM32CubeIDE_1.12.0\STM32CubeIDE\plugins\com.st.stm32cube.common.mx_6.8.0.202302231600\\db\/mcu/
2023-04-19 18:18:50,405 [INFO] ApiDb:274 - Set plugin database path to: E:\ST\STM32CubeIDE_1.12.0\STM32CubeIDE\plugins\com.st.stm32cube.common.mx_6.8.0.202302231600\\db\/plugins/boardmanager/
2023-04-19 18:18:50,405 [INFO] ApiDb:261 - Set plugin images path to: E:\ST\STM32CubeIDE_1.12.0\STM32CubeIDE\plugins\com.st.stm32cube.common.mx_6.8.0.202302231600\\db\/plugins/mcufinder/images/
2023-04-19 18:18:50,405 [WARN] DbFile:41 - Overriding database path with different value: C:\Users\Ritesh.S\.stmcufinder\plugins\mcufinder/ => C:\Users\Ritesh.S\.stmcufinder\plugins\mcufinder
2023-04-19 18:18:50,405 [INFO] ApiDb:250 - Set database path to: C:\Users\Ritesh.S\.stmcufinder\plugins\mcufinder//mcu/
2023-04-19 18:18:50,405 [WARN] DbFile:41 - Overriding database path with different value: C:\Users\Ritesh.S\.stmcufinder\plugins\mcufinder/ => C:\Users\Ritesh.S\.stmcufinder\plugins\mcufinder
2023-04-19 18:18:50,405 [INFO] DbMcusAds:125 - Set database path to: C:\Users\Ritesh.S\.stmcufinder\plugins\mcufinder//mcu/
2023-04-19 18:18:50,405 [WARN] DbFile:41 - Overriding database path with different value: C:\Users\Ritesh.S\.stmcufinder\plugins\mcufinder/ => C:\Users\Ritesh.S\.stmcufinder\plugins\mcufinder
2023-04-19 18:18:50,405 [WARN] DbFile:41 - Overriding database path with different value: C:\Users\Ritesh.S\.stmcufinder\plugins\mcufinder/ => C:\Users\Ritesh.S\.stmcufinder\plugins\mcufinder
2023-04-19 18:18:50,405 [INFO] CrossReferenceDbSqlite:203 - Set database path to: C:\Users\Ritesh.S\.stmcufinder\plugins\mcufinder//mcu/cs/
2023-04-19 18:18:50,436 [INFO] ApplicationProperties:184 - Using Application install path: E:\ST\STM32CubeIDE_1.12.0\STM32CubeIDE\plugins\com.st.stm32cube.common.mx_6.8.0.202302231600
2023-04-19 18:18:50,436 [INFO] PluginManage:196 - Search for loadable plugins [exclusion list=, ]
2023-04-19 18:18:50,436 [INFO] PluginManage:310 - Check plugin analytics
2023-04-19 18:18:50,536 [INFO] AnalyticsPlugin:253 - Accepted Software Licenses: 
2023-04-19 18:18:50,536 [INFO] AnalyticsPlugin:255 - Accepted CMSIS Pack Licenses: 
2023-04-19 18:18:50,536 [INFO] AnalyticsPlugin:257 - Accepted Firmware Licenses: 
2023-04-19 18:18:50,552 [INFO] PluginManage:359 - Loaded plugin analytics (category:tool,tabindex:-1)
2023-04-19 18:18:50,552 [INFO] PluginManage:310 - Check plugin cadmodel
2023-04-19 18:18:50,552 [INFO] CADModel:105 - Init CAD model plugin
2023-04-19 18:18:50,552 [INFO] PluginManage:359 - Loaded plugin cadmodel (category:power,tabindex:5)
2023-04-19 18:18:50,552 [INFO] PluginManage:310 - Check plugin clock
2023-04-19 18:18:50,567 [INFO] PluginManage:359 - Loaded plugin clock (category:base,tabindex:2)
2023-04-19 18:18:50,567 [INFO] PluginManage:310 - Check plugin ddr
2023-04-19 18:18:50,567 [INFO] PluginManage:359 - Loaded plugin ddr (category:tool,tabindex:6)
2023-04-19 18:18:50,567 [INFO] PluginManage:310 - Check plugin filemanager
2023-04-19 18:18:50,656 [INFO] PluginManage:359 - Loaded plugin filemanager (category:base,tabindex:10)
2023-04-19 18:18:50,656 [INFO] PluginManage:310 - Check plugin ipmanager
2023-04-19 18:18:50,674 [INFO] PluginManage:359 - Loaded plugin ipmanager (category:base,tabindex:5)
2023-04-19 18:18:50,674 [INFO] PluginManage:310 - Check plugin lpbam
2023-04-19 18:18:50,690 [INFO] PluginManage:359 - Loaded plugin lpbam (category:base,tabindex:0)
2023-04-19 18:18:50,690 [INFO] PluginManage:310 - Check plugin pinoutandconfiguration
2023-04-19 18:18:50,705 [INFO] PluginManage:359 - Loaded plugin pinoutandconfiguration (category:base,tabindex:1)
2023-04-19 18:18:50,705 [INFO] PluginManage:310 - Check plugin pinoutconfig
2023-04-19 18:18:50,790 [WARN] SupportedApi:132 - Cannot load RTOS API schema: s4s-elt-must-match.1: The content of 'definitions' must match (annotation?, (simpleType | complexType)?, (unique | key | keyref)*)). A problem was found starting at: attribute.
2023-04-19 18:18:50,890 [INFO] PluginManage:359 - Loaded plugin pinoutconfig (category:base,tabindex:0)
2023-04-19 18:18:50,890 [INFO] PluginManage:310 - Check plugin power
2023-04-19 18:18:50,906 [INFO] PluginManage:359 - Loaded plugin power (category:power,tabindex:4)
2023-04-19 18:18:50,906 [INFO] PluginManage:310 - Check plugin projectmanager
2023-04-19 18:18:50,906 [INFO] PluginManage:359 - Loaded plugin projectmanager (category:projectmanager,tabindex:3)
2023-04-19 18:18:50,906 [INFO] PluginManage:310 - Check plugin thirdparty
2023-04-19 18:18:51,053 [INFO] PluginManage:359 - Loaded plugin thirdparty (category:base,tabindex:-1)
2023-04-19 18:18:51,053 [WARN] IntegrityCheckThread:84 - waiting for thirdparty lock release [integrity check]
2023-04-19 18:18:51,053 [INFO] PluginManage:310 - Check plugin tools
2023-04-19 18:18:51,053 [INFO] IntegrityCheckThread:86 - entering critical section [integrity check]
2023-04-19 18:18:51,053 [INFO] ThirdPartyUpdaterWithRetryManager:70 - Updater plugin not ready yet. [1/15]
2023-04-19 18:18:51,053 [INFO] PluginManage:359 - Loaded plugin tools (category:base,tabindex:7)
2023-04-19 18:18:51,053 [INFO] PluginManage:310 - Check plugin tutovideos
2023-04-19 18:18:51,200 [INFO] PluginManage:359 - Loaded plugin tutovideos (category:base,tabindex:-1)
2023-04-19 18:18:51,200 [INFO] PluginManage:310 - Check plugin updater
2023-04-19 18:18:51,204 [INFO] PluginManage:359 - Loaded plugin updater (category:base,tabindex:12)
2023-04-19 18:18:51,204 [INFO] PluginManage:283 - PluginManage : Loaded plugins [15]
2023-04-19 18:18:51,507 [INFO] PinOutPanel:1499 - setPackage(No Configuration,No Configuration)
2023-04-19 18:18:51,592 [INFO] CADModel:165 - CPN selected for project level
2023-04-19 18:18:51,592 [INFO] CADModel:114 - Register for checkConnection events
2023-04-19 18:18:51,608 [INFO] IPUIPlugin:80 - create IPUIPlugin
2023-04-19 18:18:51,608 [INFO] PluginManager:220 - loadIPPluginJar : add adc
2023-04-19 18:18:51,608 [INFO] IPUIPlugin:80 - create IPUIPlugin
2023-04-19 18:18:51,608 [INFO] PluginManager:220 - loadIPPluginJar : add aes
2023-04-19 18:18:51,623 [INFO] IPUIPlugin:80 - create IPUIPlugin
2023-04-19 18:18:51,623 [INFO] PluginManager:220 - loadIPPluginJar : add can
2023-04-19 18:18:51,623 [INFO] IPUIPlugin:80 - create IPUIPlugin
2023-04-19 18:18:51,623 [INFO] PluginManager:220 - loadIPPluginJar : add comp
2023-04-19 18:18:51,623 [INFO] IPUIPlugin:80 - create IPUIPlugin
2023-04-19 18:18:51,623 [INFO] PluginManager:220 - loadIPPluginJar : add cryp
2023-04-19 18:18:51,623 [INFO] IPUIPlugin:80 - create IPUIPlugin
2023-04-19 18:18:51,623 [INFO] PluginManager:220 - loadIPPluginJar : add dfsdm
2023-04-19 18:18:51,623 [INFO] IPUIPlugin:80 - create IPUIPlugin
2023-04-19 18:18:51,623 [INFO] PluginManager:220 - loadIPPluginJar : add dma
2023-04-19 18:18:51,623 [INFO] IPUIPlugin:80 - create IPUIPlugin
2023-04-19 18:18:51,623 [INFO] PluginManager:220 - loadIPPluginJar : add dma3
2023-04-19 18:18:51,639 [INFO] IPUIPlugin:80 - create IPUIPlugin
2023-04-19 18:18:51,639 [INFO] PluginManager:220 - loadIPPluginJar : add fatfs
2023-04-19 18:18:51,643 [INFO] IPUIPlugin:80 - create IPUIPlugin
2023-04-19 18:18:51,643 [INFO] PluginManager:220 - loadIPPluginJar : add fmc
2023-04-19 18:18:51,647 [INFO] IPUIPlugin:80 - create IPUIPlugin
2023-04-19 18:18:51,648 [INFO] PluginManager:220 - loadIPPluginJar : add freertos
2023-04-19 18:18:51,649 [INFO] IPUIPlugin:80 - create IPUIPlugin
2023-04-19 18:18:51,649 [INFO] PluginManager:220 - loadIPPluginJar : add genericplugin
2023-04-19 18:18:51,651 [INFO] IPUIPlugin:80 - create IPUIPlugin
2023-04-19 18:18:51,651 [INFO] PluginManager:220 - loadIPPluginJar : add gfxmmu
2023-04-19 18:18:51,655 [INFO] IPUIPlugin:80 - create IPUIPlugin
2023-04-19 18:18:51,655 [INFO] PluginManager:220 - loadIPPluginJar : add gic
2023-04-19 18:18:51,655 [INFO] IPUIPlugin:80 - create IPUIPlugin
2023-04-19 18:18:51,655 [INFO] PluginManager:220 - loadIPPluginJar : add gpio
2023-04-19 18:18:51,655 [INFO] IPUIPlugin:80 - create IPUIPlugin
2023-04-19 18:18:51,655 [INFO] PluginManager:220 - loadIPPluginJar : add gtzc
2023-04-19 18:18:51,655 [INFO] IPUIPlugin:80 - create IPUIPlugin
2023-04-19 18:18:51,655 [INFO] PluginManager:220 - loadIPPluginJar : add hash
2023-04-19 18:18:51,655 [INFO] IPUIPlugin:80 - create IPUIPlugin
2023-04-19 18:18:51,655 [INFO] PluginManager:220 - loadIPPluginJar : add i2c
2023-04-19 18:18:51,655 [INFO] IPUIPlugin:80 - create IPUIPlugin
2023-04-19 18:18:51,655 [INFO] PluginManager:220 - loadIPPluginJar : add i2s
2023-04-19 18:18:51,670 [INFO] IPUIPlugin:80 - create IPUIPlugin
2023-04-19 18:18:51,670 [INFO] PluginManager:220 - loadIPPluginJar : add i3c
2023-04-19 18:18:51,670 [INFO] IPUIPlugin:80 - create IPUIPlugin
2023-04-19 18:18:51,670 [INFO] PluginManager:220 - loadIPPluginJar : add ipddr
2023-04-19 18:18:51,676 [INFO] IPUIPlugin:80 - create IPUIPlugin
2023-04-19 18:18:51,676 [INFO] PluginManager:220 - loadIPPluginJar : add linkedlist
2023-04-19 18:18:51,676 [INFO] IPUIPlugin:80 - create IPUIPlugin
2023-04-19 18:18:51,676 [INFO] PluginManager:220 - loadIPPluginJar : add lorawan
2023-04-19 18:18:51,676 [INFO] IPUIPlugin:80 - create IPUIPlugin
2023-04-19 18:18:51,676 [INFO] PluginManager:220 - loadIPPluginJar : add ltdc
2023-04-19 18:18:51,692 [INFO] IPUIPlugin:80 - create IPUIPlugin
2023-04-19 18:18:51,692 [INFO] PluginManager:220 - loadIPPluginJar : add mdma
2023-04-19 18:18:51,692 [INFO] IPUIPlugin:80 - create IPUIPlugin
2023-04-19 18:18:51,692 [INFO] PluginManager:220 - loadIPPluginJar : add nvic
2023-04-19 18:18:51,692 [INFO] IPUIPlugin:80 - create IPUIPlugin
2023-04-19 18:18:51,692 [INFO] PluginManager:220 - loadIPPluginJar : add opamp
2023-04-19 18:18:51,692 [INFO] IPUIPlugin:80 - create IPUIPlugin
2023-04-19 18:18:51,692 [INFO] PluginManager:220 - loadIPPluginJar : add openamp
2023-04-19 18:18:51,708 [INFO] IPUIPlugin:80 - create IPUIPlugin
2023-04-19 18:18:51,708 [INFO] PluginManager:220 - loadIPPluginJar : add pdm2pcm
2023-04-19 18:18:51,708 [INFO] IPUIPlugin:80 - create IPUIPlugin
2023-04-19 18:18:51,708 [INFO] PluginManager:220 - loadIPPluginJar : add plateformsettings
2023-04-19 18:18:51,708 [INFO] IPUIPlugin:80 - create IPUIPlugin
2023-04-19 18:18:51,708 [INFO] PluginManager:220 - loadIPPluginJar : add quadspi
2023-04-19 18:18:51,708 [INFO] IPUIPlugin:80 - create IPUIPlugin
2023-04-19 18:18:51,708 [INFO] PluginManager:220 - loadIPPluginJar : add resmgrutility
2023-04-19 18:18:51,723 [INFO] IPUIPlugin:80 - create IPUIPlugin
2023-04-19 18:18:51,723 [INFO] PluginManager:220 - loadIPPluginJar : add sai
2023-04-19 18:18:51,723 [INFO] IPUIPlugin:80 - create IPUIPlugin
2023-04-19 18:18:51,723 [INFO] PluginManager:220 - loadIPPluginJar : add spi
2023-04-19 18:18:51,723 [INFO] IPUIPlugin:80 - create IPUIPlugin
2023-04-19 18:18:51,723 [INFO] PluginManager:220 - loadIPPluginJar : add stm32_wpan
2023-04-19 18:18:51,723 [INFO] IPUIPlugin:80 - create IPUIPlugin
2023-04-19 18:18:51,723 [INFO] PluginManager:220 - loadIPPluginJar : add tim
2023-04-19 18:18:51,723 [INFO] IPUIPlugin:80 - create IPUIPlugin
2023-04-19 18:18:51,723 [INFO] PluginManager:220 - loadIPPluginJar : add touchsensing
2023-04-19 18:18:51,739 [INFO] IPUIPlugin:80 - create IPUIPlugin
2023-04-19 18:18:51,739 [INFO] PluginManager:220 - loadIPPluginJar : add tracer_emb
2023-04-19 18:18:51,739 [INFO] IPUIPlugin:80 - create IPUIPlugin
2023-04-19 18:18:51,739 [INFO] PluginManager:220 - loadIPPluginJar : add ts
2023-04-19 18:18:51,739 [INFO] IPUIPlugin:80 - create IPUIPlugin
2023-04-19 18:18:51,739 [INFO] PluginManager:220 - loadIPPluginJar : add tsc
2023-04-19 18:18:51,739 [INFO] IPUIPlugin:80 - create IPUIPlugin
2023-04-19 18:18:51,739 [INFO] PluginManager:220 - loadIPPluginJar : add ucpd
2023-04-19 18:18:51,739 [INFO] IPUIPlugin:80 - create IPUIPlugin
2023-04-19 18:18:51,739 [INFO] PluginManager:220 - loadIPPluginJar : add usart
2023-04-19 18:18:51,739 [INFO] IPUIPlugin:80 - create IPUIPlugin
2023-04-19 18:18:51,739 [INFO] PluginManager:220 - loadIPPluginJar : add usbx
2023-04-19 18:18:51,921 [INFO] CADModel:165 - CPN selected for project level
2023-04-19 18:18:51,921 [INFO] CADModel:114 - Register for checkConnection events
2023-04-19 18:18:51,921 [FATAL] Updater:308 - Updater called before beeing initialized
2023-04-19 18:18:51,921 [ERROR] CADModel:125 - Updater not yet initialized, retry later 
2023-04-19 18:18:52,039 [INFO] CADModel:165 - CPN selected for project level
2023-04-19 18:18:52,039 [INFO] CADModel:114 - Register for checkConnection events
2023-04-19 18:18:52,039 [FATAL] Updater:308 - Updater called before beeing initialized
2023-04-19 18:18:52,039 [ERROR] CADModel:125 - Updater not yet initialized, retry later 
2023-04-19 18:18:52,039 [FATAL] Updater:308 - Updater called before beeing initialized
2023-04-19 18:18:52,183 [FATAL] Updater:308 - Updater called before beeing initialized
2023-04-19 18:18:52,190 [INFO] DbMcusAds:53 - JSON generation date=Tue Mar 07 14:20:55 IST 2023 (1678179055335)
2023-04-19 18:18:52,190 [FATAL] Updater:308 - Updater called before beeing initialized
2023-04-19 18:18:52,225 [WARN] DetailPanel:346 - Failed to get advertising image, set to default
2023-04-19 18:18:52,324 [FATAL] Updater:308 - Updater called before beeing initialized
2023-04-19 18:18:52,324 [FATAL] Updater:308 - Updater called before beeing initialized
2023-04-19 18:18:52,324 [FATAL] Updater:308 - Updater called before beeing initialized
2023-04-19 18:18:52,324 [WARN] DetailPanel:346 - Failed to get advertising image, set to default
2023-04-19 18:18:52,324 [FATAL] Updater:308 - Updater called before beeing initialized
2023-04-19 18:18:52,377 [ERROR] Updater:1120 - MainUpdater not yet initialized. External WinMGr cannot be set.
2023-04-19 18:18:52,377 [INFO] Updater:1056 - Updater Version found : 6.8.0
2023-04-19 18:18:52,393 [INFO] ApplicationProperties:184 - Using Application install path: E:\ST\STM32CubeIDE_1.12.0\STM32CubeIDE\plugins\com.st.stm32cube.common.mx_6.8.0.202302231600
2023-04-19 18:18:52,556 [INFO] MainUpdater:2854 - connection check result : 10
2023-04-19 18:18:52,556 [INFO] MainUpdater:283 - Updater Check For Update Now.
2023-04-19 18:18:52,556 [INFO] MicroXplorer:498 - Change Database Version : DB.6.0.80
2023-04-19 18:18:52,725 [INFO] CheckServerUpdateThread:120 - End of CheckServer Thread
2023-04-19 18:18:52,772 [INFO] MainUpdater:2854 - connection check result : 10
2023-04-19 18:18:53,124 [INFO] ApiDb:581 - Connected to CubeFinder SQLite database (C:\Users\Ritesh.S\.stmcufinder\plugins\mcufinder\mcu\cube-finder-db.db)
2023-04-19 18:18:53,210 [INFO] ApiDb:668 - CubeFinder database Data Model version=2.1
2023-04-19 18:18:53,210 [INFO] ApiDb:669 - CubeFinder database Configuration version=3.0.35
2023-04-19 18:18:53,210 [INFO] ApiDb:670 - CubeFinder database generation date=2023-03-10 (1678456172)
2023-04-19 18:18:53,210 [INFO] ApiDb:671 - CubeFinder database FW Pack versions=[FP-ATR-ASTRA1_V1.1.1, STM32Cube_FW_C0_V1.0.1, STM32Cube_FW_F0_V1.11.4, STM32Cube_FW_F3_V1.11.4, STM32Cube_FW_F4_V1.27.1, STM32Cube_FW_F7_V1.17.0, STM32Cube_FW_G0_V1.6.1, STM32Cube_FW_G4_V1.5.1, STM32Cube_FW_H5_V0.5.1, STM32Cube_FW_H5_V1.0.0, STM32Cube_FW_H7_V1.11.0, STM32Cube_FW_L0_V1.12.2, STM32Cube_FW_L5_V1.5.0, STM32Cube_FW_U5_V1.2.0, STM32Cube_FW_WBA_V1.0.0, STM32Cube_FW_WBA_V1.0.0RC1, STM32Cube_FW_WBA_V1.0.0RC3, STM32Cube_FW_WB_V1.15.0RC1, STM32Cube_FW_WB_V1.16.0, STM32Cube_FW_WB_V1.16.0RC2, STM32Cube_FW_WL_V1.3.0, X-CUBE-ALGOBUILD_V1.3.0, X-CUBE-ALS_V1.0.1, X-CUBE-AZRTOS-F4_V1.1.0, X-CUBE-AZRTOS-F7_V1.1.0, X-CUBE-AZRTOS-G0_V1.1.0, X-CUBE-AZRTOS-G4_V1.0.0, X-CUBE-AZRTOS-H7_V3.0.0, X-CUBE-AZRTOS-L4_V1.0.0, X-CUBE-AZRTOS-L5_V1.1.0, X-CUBE-AZRTOS-WB_V1.1.0, X-CUBE-AZRTOS-WL_V1.0.0, X-CUBE-BLE1_V6.2.4, X-CUBE-BLE2_V3.3.0, X-CUBE-BLEMGR_V1.3.0, X-CUBE-EEPRMA1_V4.1.0, X-CUBE-GNSS1_V6.0.0, X-CUBE-MEMS1_V9.1.0, X-CUBE-MEMS1_V9.4.0, X-CUBE-MEMS1_V9.5.0, X-CUBE-NFC4_V3.0.0, X-CUBE-NFC7_V1.0.0, X-CUBE-SFXS2LP1_V4.0.0, X-CUBE-SUBG2_V5.0.0]
2023-04-19 18:18:53,295 [INFO] DbBoardsSqlite:226 - include board P-NUCLEO-WB55-NUCLEO as a kit item of type 'Nucleo-64'
2023-04-19 18:18:53,295 [INFO] DbBoardsSqlite:226 - include board P-NUCLEO-WB55-USBDONGLE as a kit item of type 'Nucleo USB Dongle'
2023-04-19 18:18:53,295 [INFO] DbBoardsSqlite:226 - include board STEVAL-IDP005V1 as a kit item of type 'Evaluation Board'
2023-04-19 18:18:53,295 [INFO] DbBoardsSqlite:226 - include board STEVAL-IDP005V2 as a kit item of type 'Evaluation Board'
2023-04-19 18:18:53,357 [INFO] ApiDb:240 - Found 297 in-development CPN: [B-G473E-ZEST1S, B-WB1M-WPAN1, B-WL5M-SUBG1, NUCLEO-C031C6, NUCLEO-H503RB, NUCLEO-H563ZI, NUCLEO-U545RE-Q, NUCLEO-U5A5ZJ-Q, NUCLEO-WBA52CG, STEVAL-PROTEUS1, STEVAL-STWINBX1, STM320518-EVAL, STM32C0116-DK, STM32C011D6Y3TR, STM32C011D6Y6TR, STM32C011F4P3, STM32C011F4P6, STM32C011F4U3, STM32C011F4U6TR, STM32C011F6P3, STM32C011F6P6, STM32C011F6U3, STM32C011F6U6TR, STM32C011J4M3, STM32C011J4M6, STM32C011J6M3, STM32C011J6M6, STM32C0316-DK, STM32C031C4T3, STM32C031C4T6, STM32C031C4U3, STM32C031C4U6, STM32C031C6T3, STM32C031C6T6, STM32C031C6U3, STM32C031C6U6, STM32C031F4P3, STM32C031F4P6, STM32C031F6P3, STM32C031F6P6, STM32C031G4U3, STM32C031G4U6, STM32C031G6U3, STM32C031G6U6, STM32C031K4T3, STM32C031K4T6, STM32C031K4U3, STM32C031K4U6, STM32C031K6T3, STM32C031K6T6, STM32C031K6U3, STM32C031K6U6, STM32G071K8TXN, STM32G071K8UXN, STM32G081GBU6N, STM32G081KBT6N, STM32G081KBUXN, STM32G0B1CCT6N, STM32G0B1KCT6, STM32G0B1NEY6TR, STM32G0B1RCT6N, STM32G0C1CCT6, STM32G0C1CCT6N, STM32G0C1CCU6N, STM32G0C1CET6N, STM32G0C1CEU6N, STM32G0C1KCT6, STM32G0C1NEY6TR, STM32G0C1RCI6N, STM32G0C1RCT6N, STM32G0C1REI6N, STM32G0C1RET6N, STM32G0C1VCI6, STM32G0C1VEI6, STM32G471CCT6, STM32G471CCU6, STM32G471CET3, STM32G471CET6, STM32G471CEU3, STM32G471CEU6, STM32G471MCT6, STM32G471MET3, STM32G471MET6, STM32G471MEY6TR, STM32G471QCT6, STM32G471QET3, STM32G471RCT6, STM32G471RET3, STM32G471RET6, STM32G471VCH6, STM32G471VCI6, STM32G471VCT6, STM32G471VEH3, STM32G471VEH6, STM32G471VEI3, STM32G471VEI6, STM32G471VET3, STM32G471VET6, STM32G474CCT6, STM32H503CBT6, STM32H503CBU6, STM32H503EBY6TR, STM32H503KBU6, STM32H503RBT6, STM32H562AGI6, STM32H562AII6, STM32H562IGK6, STM32H562IGT6, STM32H562IIK6, STM32H562IIT6, STM32H562RGT6, STM32H562RGV6, STM32H562RIT6, STM32H562RIV6, STM32H562VGT6, STM32H562VIT6, STM32H562ZGT6, STM32H562ZIT6, STM32H563AGI6, STM32H563AII3Q, STM32H563AII6, STM32H563IGK6, STM32H563IGT6, STM32H563IIK3Q, STM32H563IIK6, STM32H563IIT3Q, STM32H563IIT6, STM32H563MIY3QTR, STM32H563RGT6, STM32H563RGV6, STM32H563RIT6, STM32H563RIV6, STM32H563VGT6, STM32H563VIT3Q, STM32H563VIT6, STM32H563ZGT6, STM32H563ZIT3Q, STM32H563ZIT6, STM32H573AII3Q, STM32H573AII6, STM32H573I-DK, STM32H573IIK3Q, STM32H573IIK6, STM32H573IIT3Q, STM32H573IIT6, STM32H573MIY3QTR, STM32H573RIT6, STM32H573RIV6, STM32H573VIT3Q, STM32H573VIT6, STM32H573ZIT3Q, STM32H573ZIT6, STM32L4R5QGI6STR, STM32MP131AAE3, STM32MP131AAF3, STM32MP131AAG3, STM32MP131CAE3, STM32MP131CAF3, STM32MP131CAG3, STM32MP131DAE7, STM32MP131DAF7, STM32MP131DAG7, STM32MP131FAE7, STM32MP131FAF7, STM32MP131FAG7, STM32MP133AAE3, STM32MP133AAF3, STM32MP133AAG3, STM32MP133CAE3, STM32MP133CAF3, STM32MP133CAG3, STM32MP133DAE7, STM32MP133DAF7, STM32MP133DAG7, STM32MP133FAE7, STM32MP133FAF7, STM32MP133FAG7, STM32MP135AAE3, STM32MP135AAF3, STM32MP135AAG3, STM32MP135CAE3, STM32MP135CAF3, STM32MP135CAG3, STM32MP135DAE7, STM32MP135DAF7, STM32MP135DAG7, STM32MP135F-DK, STM32MP135FAE7, STM32MP135FAF7, STM32MP135FAF7T, STM32MP135FAF7U, STM32MP135FAG7, STM32U535CBT6, STM32U535CBT6Q, STM32U535CBU6, STM32U535CBU6Q, STM32U535CCT6, STM32U535CCT6Q, STM32U535CCU6, STM32U535CCU6Q, STM32U535CET6, STM32U535CET6Q, STM32U535CEU6, STM32U535CEU6Q, STM32U535JEY6QTR, STM32U535NCY6QTR, STM32U535NEY6QTR, STM32U535RBI6, STM32U535RBI6Q, STM32U535RBT6, STM32U535RBT6Q, STM32U535RCI6, STM32U535RCI6Q, STM32U535RCT6, STM32U535RCT6Q, STM32U535REI6, STM32U535REI6Q, STM32U535RET6, STM32U535RET6Q, STM32U535VCI6, STM32U535VCI6Q, STM32U535VCT6, STM32U535VCT6Q, STM32U535VEI6, STM32U535VEI6Q, STM32U535VET6, STM32U535VET6Q, STM32U545CET6, STM32U545CET6Q, STM32U545CEU6, STM32U545CEU6Q, STM32U545JEY6QTR, STM32U545NEY6QTR, STM32U545REI6, STM32U545REI6Q, STM32U545RET6, STM32U545RET6Q, STM32U545VEI6, STM32U545VEI6Q, STM32U545VET6, STM32U545VET6Q, STM32U595AIH6, STM32U595AIH6Q, STM32U595AJH6, STM32U595AJH6Q, STM32U595QII6, STM32U595QII6Q, STM32U595QJI6, STM32U595QJI6Q, STM32U595RIT6, STM32U595RIT6Q, STM32U595RJT6, STM32U595RJT6Q, STM32U595VIT6, STM32U595VIT6Q, STM32U595VJT6, STM32U595VJT6Q, STM32U595ZIT6, STM32U595ZIT6Q, STM32U595ZIY6QTR, STM32U595ZJT6, STM32U595ZJT6Q, STM32U595ZJY6QTR, STM32U599BJY6QTR, STM32U599NIH6Q, STM32U599NJH6Q, STM32U599VIT6Q, STM32U599VJT6, STM32U599VJT6Q, STM32U599ZIT6Q, STM32U599ZIY6QTR, STM32U599ZJT6Q, STM32U599ZJY6QTR, STM32U5A5AJH6, STM32U5A5AJH6Q, STM32U5A5QJI6, STM32U5A5QJI6Q, STM32U5A5RJT6, STM32U5A5RJT6Q, STM32U5A5VJT6, STM32U5A5VJT6Q, STM32U5A5ZJT6, STM32U5A5ZJT6Q, STM32U5A5ZJY6QTR, STM32U5A9BJY6QTR, STM32U5A9J-DK, STM32U5A9NJH6Q, STM32U5A9VJT6Q, STM32U5A9ZJT6Q, STM32U5A9ZJY6QTR, STM32WB1MMCH6, STM32WBA52CEU6, STM32WBA52CEU6T, STM32WBA52CGU6, STM32WBA52CGU6T, STM32WL5MOCH6, STM32WL5MOCH6TR]
2023-04-19 18:18:53,457 [INFO] BoardInfo:880 - No configuration file found for board P-NUCLEO-WB55
2023-04-19 18:18:53,473 [INFO] DbBoards:157 - Kit is not supported: P-NUCLEO-WB55
2023-04-19 18:18:53,473 [INFO] BoardInfo:880 - No configuration file found for board STEVAL-BFA001V1B
2023-04-19 18:18:53,473 [INFO] DbBoards:157 - Kit is not supported: STEVAL-BFA001V1B
2023-04-19 18:18:53,473 [INFO] BoardInfo:880 - No configuration file found for board STEVAL-BFA001V2B
2023-04-19 18:18:53,473 [INFO] DbBoards:157 - Kit is not supported: STEVAL-BFA001V2B
2023-04-19 18:18:53,595 [INFO] DbBoards:161 - Found 187 boards, 184 are supported
2023-04-19 18:18:53,595 [INFO] ApiDb:668 - CubeFinder database Data Model version=2.1
2023-04-19 18:18:53,595 [INFO] ApiDb:669 - CubeFinder database Configuration version=3.0.35
2023-04-19 18:18:53,595 [INFO] ApiDb:670 - CubeFinder database generation date=2023-03-10 (1678456172)
2023-04-19 18:18:53,595 [INFO] ApiDb:671 - CubeFinder database FW Pack versions=[FP-ATR-ASTRA1_V1.1.1, STM32Cube_FW_C0_V1.0.1, STM32Cube_FW_F0_V1.11.4, STM32Cube_FW_F3_V1.11.4, STM32Cube_FW_F4_V1.27.1, STM32Cube_FW_F7_V1.17.0, STM32Cube_FW_G0_V1.6.1, STM32Cube_FW_G4_V1.5.1, STM32Cube_FW_H5_V0.5.1, STM32Cube_FW_H5_V1.0.0, STM32Cube_FW_H7_V1.11.0, STM32Cube_FW_L0_V1.12.2, STM32Cube_FW_L5_V1.5.0, STM32Cube_FW_U5_V1.2.0, STM32Cube_FW_WBA_V1.0.0, STM32Cube_FW_WBA_V1.0.0RC1, STM32Cube_FW_WBA_V1.0.0RC3, STM32Cube_FW_WB_V1.15.0RC1, STM32Cube_FW_WB_V1.16.0, STM32Cube_FW_WB_V1.16.0RC2, STM32Cube_FW_WL_V1.3.0, X-CUBE-ALGOBUILD_V1.3.0, X-CUBE-ALS_V1.0.1, X-CUBE-AZRTOS-F4_V1.1.0, X-CUBE-AZRTOS-F7_V1.1.0, X-CUBE-AZRTOS-G0_V1.1.0, X-CUBE-AZRTOS-G4_V1.0.0, X-CUBE-AZRTOS-H7_V3.0.0, X-CUBE-AZRTOS-L4_V1.0.0, X-CUBE-AZRTOS-L5_V1.1.0, X-CUBE-AZRTOS-WB_V1.1.0, X-CUBE-AZRTOS-WL_V1.0.0, X-CUBE-BLE1_V6.2.4, X-CUBE-BLE2_V3.3.0, X-CUBE-BLEMGR_V1.3.0, X-CUBE-EEPRMA1_V4.1.0, X-CUBE-GNSS1_V6.0.0, X-CUBE-MEMS1_V9.1.0, X-CUBE-MEMS1_V9.4.0, X-CUBE-MEMS1_V9.5.0, X-CUBE-NFC4_V3.0.0, X-CUBE-NFC7_V1.0.0, X-CUBE-SFXS2LP1_V4.0.0, X-CUBE-SUBG2_V5.0.0]
2023-04-19 18:18:54,336 [WARN] PackLoader:240 - Cannot read IP mode file for STMicroelectronics.X-CUBE-GNSS1.6.0.0
2023-04-19 18:18:54,352 [WARN] PackLoader:240 - Cannot read IP mode file for STMicroelectronics.X-CUBE-AZRTOS-F4.1.1.0
2023-04-19 18:18:54,374 [WARN] PackLoader:240 - Cannot read IP mode file for STMicroelectronics.X-CUBE-SMBUS.2.1.0
2023-04-19 18:18:54,421 [WARN] PackLoader:240 - Cannot read IP mode file for STMicroelectronics.X-CUBE-AZRTOS-F7.1.1.0
2023-04-19 18:18:54,437 [WARN] PackLoader:240 - Cannot read IP mode file for STMicroelectronics.X-CUBE-BLE1.6.2.4
2023-04-19 18:18:54,452 [WARN] PackLoader:240 - Cannot read IP mode file for emotas.I-CUBE-CANOPEN.1.1.3
2023-04-19 18:18:54,468 [WARN] PackLoader:240 - Cannot read IP mode file for STMicroelectronics.X-CUBE-BLEMGR.2.0.0
2023-04-19 18:18:54,490 [WARN] ConditionMgr:438 - getConditionDescription Invalid condition id : UX DEVICE CLASS RTOS Condition cause : null
2023-04-19 18:18:54,490 [WARN] ConditionMgr:438 - getConditionDescription Invalid condition id : UX DEVICE CLASS RTOS Condition cause : null
2023-04-19 18:18:54,490 [WARN] PackLoader:240 - Cannot read IP mode file for STMicroelectronics.X-CUBE-AZRTOS-H7.3.1.0
2023-04-19 18:18:54,490 [WARN] ConditionMgr:1039 - genDependencies : Invalid condition id : UX DEVICE CLASS RTOS Condition cause : null
2023-04-19 18:18:54,490 [WARN] ConditionMgr:1039 - genDependencies : Invalid condition id : UX DEVICE CLASS RTOS Condition cause : null
2023-04-19 18:18:54,490 [WARN] ConditionMgr:1039 - genDependencies : Invalid condition id : UX DEVICE CLASS RTOS Condition cause : null
2023-04-19 18:18:54,490 [WARN] ConditionMgr:1039 - genDependencies : Invalid condition id : UX DEVICE CLASS RTOS Condition cause : null
2023-04-19 18:18:54,490 [WARN] ConditionMgr:1039 - genDependencies : Invalid condition id : UX DEVICE CLASS RTOS Condition cause : null
2023-04-19 18:18:54,506 [WARN] PackLoader:240 - Cannot read IP mode file for STMicroelectronics.X-CUBE-DISPLAY.3.0.0
2023-04-19 18:18:54,521 [WARN] PackLoader:240 - Cannot read IP mode file for wolfSSL.I-CUBE-wolfSSL.5.5.4
2023-04-19 18:18:54,521 [WARN] PackLoader:240 - Cannot read IP mode file for STMicroelectronics.X-CUBE-NFC7.1.0.0
2023-04-19 18:18:54,537 [WARN] PackLoader:240 - Cannot read IP mode file for STMicroelectronics.X-CUBE-EEPRMA1.4.1.0
2023-04-19 18:18:54,553 [WARN] PackLoader:240 - Cannot read IP mode file for WES.I-CUBE-Cesium.1.3.0
2023-04-19 18:18:54,553 [WARN] PackLoader:240 - Cannot read IP mode file for STMicroelectronics.X-CUBE-SFXS2LP1.4.0.0
2023-04-19 18:18:54,575 [WARN] PackLoader:240 - Cannot read IP mode file for STMicroelectronics.X-CUBE-BLE2.3.3.0
2023-04-19 18:18:54,590 [WARN] PackLoader:240 - Cannot read IP mode file for STMicroelectronics.X-CUBE-TOF1.3.2.0
2023-04-19 18:18:54,637 [WARN] PackLoader:240 - Cannot read IP mode file for STMicroelectronics.X-CUBE-AZRTOS-H7.3.0.0
2023-04-19 18:18:54,653 [WARN] PackLoader:240 - Cannot read IP mode file for STMicroelectronics.X-CUBE-ISPU.1.1.0
2023-04-19 18:18:54,668 [WARN] PackLoader:240 - Cannot read IP mode file for RoweBots.I-CUBE-UNISONRTOS.5.5.0-4
2023-04-19 18:18:54,675 [WARN] PackLoader:240 - Cannot read IP mode file for STMicroelectronics.X-CUBE-AI.8.0.0
2023-04-19 18:18:54,689 [WARN] PackLoader:240 - Cannot read IP mode file for STMicroelectronics.X-CUBE-FREERTOS.1.0.0
2023-04-19 18:18:54,703 [WARN] PackLoader:240 - Cannot read IP mode file for STMicroelectronics.X-CUBE-FREERTOS.1.0.1
2023-04-19 18:18:54,703 [WARN] PackLoader:240 - Cannot read IP mode file for STMicroelectronics.X-CUBE-TOUCHGFX.4.21.1
2023-04-19 18:18:54,703 [WARN] PackLoader:240 - Cannot read IP mode file for STMicroelectronics.X-CUBE-TOUCHGFX.4.21.3
2023-04-19 18:18:54,718 [WARN] PackLoader:240 - Cannot read IP mode file for STMicroelectronics.X-CUBE-AI.7.3.0
2023-04-19 18:18:54,718 [WARN] PackLoader:240 - Cannot read IP mode file for STMicroelectronics.X-CUBE-ALGOBUILD.1.3.0
2023-04-19 18:18:54,748 [WARN] PackLoader:240 - Cannot read IP mode file for STMicroelectronics.X-CUBE-AZRTOS-L5.1.1.0
2023-04-19 18:18:54,775 [WARN] PackLoader:240 - Cannot read IP mode file for STMicroelectronics.X-CUBE-AZRTOS-G0.1.1.0
2023-04-19 18:18:54,791 [WARN] PackLoader:240 - Cannot read IP mode file for STMicroelectronics.X-CUBE-SUBG2.5.0.0
2023-04-19 18:18:54,791 [WARN] PackLoader:240 - Cannot read IP mode file for STMicroelectronics.X-CUBE-NFC4.3.0.0
2023-04-19 18:18:54,806 [WARN] PackLoader:240 - Cannot read IP mode file for STMicroelectronics.X-CUBE-TOF1.3.3.0
2023-04-19 18:18:54,822 [WARN] PackLoader:240 - Cannot read IP mode file for STMicroelectronics.FP-ATR-ASTRA1.1.1.1
2023-04-19 18:18:54,822 [WARN] PackLoader:240 - Cannot read IP mode file for STMicroelectronics.X-CUBE-BLEMGR.1.3.0
2023-04-19 18:18:54,837 [WARN] PackLoader:240 - Cannot read IP mode file for STMicroelectronics.X-CUBE-AZRTOS-G4.1.0.0
2023-04-19 18:18:54,853 [WARN] PackLoader:240 - Cannot read IP mode file for STMicroelectronics.FP-ATR-SIGFOX1.3.2.0
2023-04-19 18:18:54,875 [WARN] PackLoader:240 - Cannot read IP mode file for STMicroelectronics.X-CUBE-AZRTOS-L4.1.0.0
2023-04-19 18:18:54,891 [WARN] PackLoader:240 - Cannot read IP mode file for STMicroelectronics.X-CUBE-AZRTOS-WL.1.0.0
2023-04-19 18:18:54,906 [WARN] PackLoader:240 - Cannot read IP mode file for portGmbH.I-Cube-SoM-uGOAL.1.1.0
2023-04-19 18:18:54,906 [WARN] PackLoader:240 - Cannot read IP mode file for STMicroelectronics.X-CUBE-ALS.1.0.1
2023-04-19 18:18:54,938 [WARN] PackLoader:240 - Cannot read IP mode file for STMicroelectronics.X-CUBE-MEMS1.9.5.0
2023-04-19 18:18:55,107 [WARN] PackLoader:240 - Cannot read IP mode file for STMicroelectronics.X-CUBE-AZRTOS-WB.1.1.0
2023-04-19 18:18:55,155 [WARN] PackLoader:240 - Cannot read IP mode file for SEGGER.I-CUBE-embOS.1.3.1
2023-04-19 18:18:55,207 [WARN] PackLoader:240 - Cannot read IP mode file for STMicroelectronics.FP-ATR-ASTRA1.2.0.0
2023-04-19 18:18:55,207 [INFO] ThirdParty:978 - Integrity check success = true
2023-04-19 18:18:55,207 [INFO] IntegrityCheckThread:100 - exiting critical section [integrity check]
2023-04-19 18:18:55,207 [INFO] IntegrityCheckThread:103 - End integrity checks thread
2023-04-19 18:18:55,489 [INFO] ApiDb:240 - Found 297 in-development CPN: [B-G473E-ZEST1S, B-WB1M-WPAN1, B-WL5M-SUBG1, NUCLEO-C031C6, NUCLEO-H503RB, NUCLEO-H563ZI, NUCLEO-U545RE-Q, NUCLEO-U5A5ZJ-Q, NUCLEO-WBA52CG, STEVAL-PROTEUS1, STEVAL-STWINBX1, STM320518-EVAL, STM32C0116-DK, STM32C011D6Y3TR, STM32C011D6Y6TR, STM32C011F4P3, STM32C011F4P6, STM32C011F4U3, STM32C011F4U6TR, STM32C011F6P3, STM32C011F6P6, STM32C011F6U3, STM32C011F6U6TR, STM32C011J4M3, STM32C011J4M6, STM32C011J6M3, STM32C011J6M6, STM32C0316-DK, STM32C031C4T3, STM32C031C4T6, STM32C031C4U3, STM32C031C4U6, STM32C031C6T3, STM32C031C6T6, STM32C031C6U3, STM32C031C6U6, STM32C031F4P3, STM32C031F4P6, STM32C031F6P3, STM32C031F6P6, STM32C031G4U3, STM32C031G4U6, STM32C031G6U3, STM32C031G6U6, STM32C031K4T3, STM32C031K4T6, STM32C031K4U3, STM32C031K4U6, STM32C031K6T3, STM32C031K6T6, STM32C031K6U3, STM32C031K6U6, STM32G071K8TXN, STM32G071K8UXN, STM32G081GBU6N, STM32G081KBT6N, STM32G081KBUXN, STM32G0B1CCT6N, STM32G0B1KCT6, STM32G0B1NEY6TR, STM32G0B1RCT6N, STM32G0C1CCT6, STM32G0C1CCT6N, STM32G0C1CCU6N, STM32G0C1CET6N, STM32G0C1CEU6N, STM32G0C1KCT6, STM32G0C1NEY6TR, STM32G0C1RCI6N, STM32G0C1RCT6N, STM32G0C1REI6N, STM32G0C1RET6N, STM32G0C1VCI6, STM32G0C1VEI6, STM32G471CCT6, STM32G471CCU6, STM32G471CET3, STM32G471CET6, STM32G471CEU3, STM32G471CEU6, STM32G471MCT6, STM32G471MET3, STM32G471MET6, STM32G471MEY6TR, STM32G471QCT6, STM32G471QET3, STM32G471RCT6, STM32G471RET3, STM32G471RET6, STM32G471VCH6, STM32G471VCI6, STM32G471VCT6, STM32G471VEH3, STM32G471VEH6, STM32G471VEI3, STM32G471VEI6, STM32G471VET3, STM32G471VET6, STM32G474CCT6, STM32H503CBT6, STM32H503CBU6, STM32H503EBY6TR, STM32H503KBU6, STM32H503RBT6, STM32H562AGI6, STM32H562AII6, STM32H562IGK6, STM32H562IGT6, STM32H562IIK6, STM32H562IIT6, STM32H562RGT6, STM32H562RGV6, STM32H562RIT6, STM32H562RIV6, STM32H562VGT6, STM32H562VIT6, STM32H562ZGT6, STM32H562ZIT6, STM32H563AGI6, STM32H563AII3Q, STM32H563AII6, STM32H563IGK6, STM32H563IGT6, STM32H563IIK3Q, STM32H563IIK6, STM32H563IIT3Q, STM32H563IIT6, STM32H563MIY3QTR, STM32H563RGT6, STM32H563RGV6, STM32H563RIT6, STM32H563RIV6, STM32H563VGT6, STM32H563VIT3Q, STM32H563VIT6, STM32H563ZGT6, STM32H563ZIT3Q, STM32H563ZIT6, STM32H573AII3Q, STM32H573AII6, STM32H573I-DK, STM32H573IIK3Q, STM32H573IIK6, STM32H573IIT3Q, STM32H573IIT6, STM32H573MIY3QTR, STM32H573RIT6, STM32H573RIV6, STM32H573VIT3Q, STM32H573VIT6, STM32H573ZIT3Q, STM32H573ZIT6, STM32L4R5QGI6STR, STM32MP131AAE3, STM32MP131AAF3, STM32MP131AAG3, STM32MP131CAE3, STM32MP131CAF3, STM32MP131CAG3, STM32MP131DAE7, STM32MP131DAF7, STM32MP131DAG7, STM32MP131FAE7, STM32MP131FAF7, STM32MP131FAG7, STM32MP133AAE3, STM32MP133AAF3, STM32MP133AAG3, STM32MP133CAE3, STM32MP133CAF3, STM32MP133CAG3, STM32MP133DAE7, STM32MP133DAF7, STM32MP133DAG7, STM32MP133FAE7, STM32MP133FAF7, STM32MP133FAG7, STM32MP135AAE3, STM32MP135AAF3, STM32MP135AAG3, STM32MP135CAE3, STM32MP135CAF3, STM32MP135CAG3, STM32MP135DAE7, STM32MP135DAF7, STM32MP135DAG7, STM32MP135F-DK, STM32MP135FAE7, STM32MP135FAF7, STM32MP135FAF7T, STM32MP135FAF7U, STM32MP135FAG7, STM32U535CBT6, STM32U535CBT6Q, STM32U535CBU6, STM32U535CBU6Q, STM32U535CCT6, STM32U535CCT6Q, STM32U535CCU6, STM32U535CCU6Q, STM32U535CET6, STM32U535CET6Q, STM32U535CEU6, STM32U535CEU6Q, STM32U535JEY6QTR, STM32U535NCY6QTR, STM32U535NEY6QTR, STM32U535RBI6, STM32U535RBI6Q, STM32U535RBT6, STM32U535RBT6Q, STM32U535RCI6, STM32U535RCI6Q, STM32U535RCT6, STM32U535RCT6Q, STM32U535REI6, STM32U535REI6Q, STM32U535RET6, STM32U535RET6Q, STM32U535VCI6, STM32U535VCI6Q, STM32U535VCT6, STM32U535VCT6Q, STM32U535VEI6, STM32U535VEI6Q, STM32U535VET6, STM32U535VET6Q, STM32U545CET6, STM32U545CET6Q, STM32U545CEU6, STM32U545CEU6Q, STM32U545JEY6QTR, STM32U545NEY6QTR, STM32U545REI6, STM32U545REI6Q, STM32U545RET6, STM32U545RET6Q, STM32U545VEI6, STM32U545VEI6Q, STM32U545VET6, STM32U545VET6Q, STM32U595AIH6, STM32U595AIH6Q, STM32U595AJH6, STM32U595AJH6Q, STM32U595QII6, STM32U595QII6Q, STM32U595QJI6, STM32U595QJI6Q, STM32U595RIT6, STM32U595RIT6Q, STM32U595RJT6, STM32U595RJT6Q, STM32U595VIT6, STM32U595VIT6Q, STM32U595VJT6, STM32U595VJT6Q, STM32U595ZIT6, STM32U595ZIT6Q, STM32U595ZIY6QTR, STM32U595ZJT6, STM32U595ZJT6Q, STM32U595ZJY6QTR, STM32U599BJY6QTR, STM32U599NIH6Q, STM32U599NJH6Q, STM32U599VIT6Q, STM32U599VJT6, STM32U599VJT6Q, STM32U599ZIT6Q, STM32U599ZIY6QTR, STM32U599ZJT6Q, STM32U599ZJY6QTR, STM32U5A5AJH6, STM32U5A5AJH6Q, STM32U5A5QJI6, STM32U5A5QJI6Q, STM32U5A5RJT6, STM32U5A5RJT6Q, STM32U5A5VJT6, STM32U5A5VJT6Q, STM32U5A5ZJT6, STM32U5A5ZJT6Q, STM32U5A5ZJY6QTR, STM32U5A9BJY6QTR, STM32U5A9J-DK, STM32U5A9NJH6Q, STM32U5A9VJT6Q, STM32U5A9ZJT6Q, STM32U5A9ZJY6QTR, STM32WB1MMCH6, STM32WBA52CEU6, STM32WBA52CEU6T, STM32WBA52CGU6, STM32WBA52CGU6T, STM32WL5MOCH6, STM32WL5MOCH6TR]
2023-04-19 18:18:55,499 [INFO] DbMcus:216 - Found 3775 MCUs, 3775 are supported
2023-04-19 18:18:55,499 [INFO] ApiDb:423 - Load user favorites file C:\Users\Ritesh.S/.stm32cubeide/favorites.mcus.txt: 0 item(s)
2023-04-19 18:18:55,499 [INFO] ApiDb:427 - User favorites MCUs=[]
2023-04-19 18:18:55,499 [INFO] DbMcus:222 - Set 0 / 0 favorites MCUs
2023-04-19 18:18:55,710 [INFO] ApiDb:414 - User favorites file not found: C:\Users\Ritesh.S/.stm32cubeide/favorites.boards.txt
2023-04-19 18:18:55,710 [INFO] DbBoards:190 - Set 0 / 0 favorites Boards
2023-04-19 18:18:55,710 [INFO] McuFinderGlobals:66 - Set McuFinderConnectedMode to true
2023-04-19 18:18:55,716 [INFO] MultiScanPanel:200 - Auto-refresh data requested => check proxy status ongoing
2023-04-19 18:18:55,718 [INFO] FinderPluginLoader:95 - Searching for filters in installed packs
2023-04-19 18:18:57,035 [INFO] LoadUrlFilesThread:185 - End of LoadServerUrlFiles without Thread
2023-04-19 18:18:57,053 [INFO] DetailPanel:341 - Set advertising image to C:/Users/Ritesh.S/STM32Cube/Repository/\en.prom-stm32h5-mcu-finder.jpg
2023-04-19 18:19:24,306 [INFO] MainUpdater:2854 - connection check result : 10
2023-04-19 18:19:24,306 [INFO] MainUpdater:2854 - connection check result : 10
2023-04-19 18:19:24,326 [INFO] MicroXplorer:468 - Change Database Path : 
2023-04-19 18:19:24,326 [INFO] MicroXplorer:498 - Change Database Version : DB.6.0.80
2023-04-19 18:19:24,326 [WARN] ThirdParty:871 - waiting for thirdparty lock release [close project]
2023-04-19 18:19:24,326 [INFO] ThirdParty:873 - entering critical section [close project]
2023-04-19 18:19:24,342 [INFO] ThirdParty:883 - exiting critical section [close project]
2023-04-19 18:19:24,342 [INFO] PinOutPanel:1499 - setPackage(No Configuration,No Configuration)
2023-04-19 18:19:24,342 [INFO] UtilMem:75 - Begin LoadConfig() Used Memory: 477154808 Bytes (618659840)
2023-04-19 18:19:26,833 [INFO] MicroXplorer:468 - Change Database Path : 
2023-04-19 18:19:26,833 [INFO] MicroXplorer:498 - Change Database Version : DB.6.0.80
2023-04-19 18:19:26,833 [INFO] OpenFileManager:308 - Change cursor
2023-04-19 18:19:26,895 [INFO] Mcu:1937 - Initializing MCU STM32F401R(D-E)Tx STM32F401RETx STM32F401RET6
2023-04-19 18:19:28,051 [INFO] Context:659 - Trying to add GPIOservice into a context  which must be forbidden
2023-04-19 18:19:28,314 [INFO] Rule:228 - rule WakeUp0 Mode is applicable
2023-04-19 18:19:28,314 [INFO] Rule:228 - rule WakeUp0 SIGNAL is applicable
2023-04-19 18:19:28,314 [INFO] Rule:228 - rule WakeUp1 Mode is applicable
2023-04-19 18:19:28,314 [INFO] Rule:228 - rule WakeUp1 SIGNAL is applicable
2023-04-19 18:19:28,314 [INFO] Rule:228 - rule WakeUp2 Mode is applicable
2023-04-19 18:19:28,314 [INFO] Rule:228 - rule WakeUp2 SIGNAL is applicable
2023-04-19 18:19:28,314 [INFO] Rule:228 - rule WakeUp4 Mode is applicable
2023-04-19 18:19:28,314 [INFO] Rule:228 - rule WakeUp4 SIGNAL is applicable
2023-04-19 18:19:28,314 [INFO] Rule:228 - rule WakeUp5 Mode is applicable
2023-04-19 18:19:28,314 [INFO] Rule:228 - rule WakeUp5 SIGNAL is applicable
2023-04-19 18:19:28,314 [INFO] DbConfProperties:307 - Apply Compatibility (0/10 Rules)
2023-04-19 18:19:28,415 [INFO] RtosManager:555 - Registered RTOS mode: class=CMSIS, group=RTOS, mode=CMSIS_V1, owner=FREERTOS
2023-04-19 18:19:28,415 [INFO] RtosManager:555 - Registered RTOS mode: class=CMSIS, group=RTOS2, mode=CMSIS_V2, owner=FREERTOS
2023-04-19 18:19:28,415 [INFO] RtosManager:555 - Registered RTOS mode: class=RTOS, group=Core, mode=CMSIS_V1, owner=FREERTOS
2023-04-19 18:19:28,415 [INFO] RtosManager:555 - Registered RTOS mode: class=RTOS, group=Core, mode=CMSIS_V2, owner=FREERTOS
2023-04-19 18:19:28,415 [WARN] ModelIntegratedComponent:184 - Missing modes for component STMicroelectronics:FreeRTOS:0.0.1:STMicroelectronics:RTOS:FreeRTOS:Core:::10.2.0:
2023-04-19 18:19:28,431 [WARN] ModelIntegratedComponent:63 - No mode defined for component null
2023-04-19 18:19:28,431 [WARN] ModelIntegratedComponent:63 - No mode defined for component null
2023-04-19 18:19:28,431 [WARN] ModelIntegratedComponent:63 - No mode defined for component null
2023-04-19 18:19:28,431 [WARN] ModelIntegratedComponent:63 - No mode defined for component null
2023-04-19 18:19:28,431 [WARN] ModelIntegratedComponent:63 - No mode defined for component null
2023-04-19 18:19:28,431 [WARN] ModelIntegratedComponent:63 - No mode defined for component null
2023-04-19 18:19:28,431 [WARN] ModelIntegratedComponent:63 - No mode defined for component null
2023-04-19 18:19:28,431 [WARN] ModelIntegratedComponent:63 - No mode defined for component null
2023-04-19 18:19:28,431 [WARN] ModelIntegratedComponent:63 - No mode defined for component null
2023-04-19 18:19:28,431 [WARN] ModelIntegratedComponent:63 - No mode defined for component null
2023-04-19 18:19:28,431 [WARN] ModelIntegratedComponent:63 - No mode defined for component null
2023-04-19 18:19:28,431 [WARN] ModelIntegratedComponent:63 - No mode defined for component null
2023-04-19 18:19:28,431 [WARN] ModelIntegratedComponent:63 - No mode defined for component null
2023-04-19 18:19:28,436 [WARN] ModelIntegratedComponent:63 - No mode defined for component null
2023-04-19 18:19:28,436 [WARN] ModelIntegratedComponent:63 - No mode defined for component null
2023-04-19 18:19:28,436 [WARN] ModelIntegratedComponent:63 - No mode defined for component null
2023-04-19 18:19:28,436 [WARN] ModelIntegratedComponent:63 - No mode defined for component null
2023-04-19 18:19:28,436 [WARN] ModelIntegratedComponent:63 - No mode defined for component null
2023-04-19 18:19:28,436 [WARN] ModelIntegratedComponent:63 - No mode defined for component null
2023-04-19 18:19:28,436 [WARN] ModelIntegratedComponent:63 - No mode defined for component null
2023-04-19 18:19:28,436 [WARN] ModelIntegratedComponent:63 - No mode defined for component null
2023-04-19 18:19:28,436 [WARN] ModelIntegratedComponent:63 - No mode defined for component null
2023-04-19 18:19:28,436 [WARN] ModelIntegratedComponent:63 - No mode defined for component null
2023-04-19 18:19:28,436 [WARN] ModelIntegratedComponent:63 - No mode defined for component null
2023-04-19 18:19:28,436 [WARN] ModelIntegratedComponent:63 - No mode defined for component null
2023-04-19 18:19:28,436 [WARN] ModelIntegratedComponent:63 - No mode defined for component null
2023-04-19 18:19:28,436 [WARN] ModelIntegratedComponent:63 - No mode defined for component null
2023-04-19 18:19:28,436 [WARN] ModelIntegratedComponent:63 - No mode defined for component null
2023-04-19 18:19:28,436 [WARN] ModelIntegratedComponent:63 - No mode defined for component null
2023-04-19 18:19:28,436 [WARN] ModelIntegratedComponent:63 - No mode defined for component null
2023-04-19 18:19:28,436 [WARN] ModelIntegratedComponent:63 - No mode defined for component null
2023-04-19 18:19:28,436 [WARN] ModelIntegratedComponent:63 - No mode defined for component null
2023-04-19 18:19:28,436 [WARN] ModelIntegratedComponent:63 - No mode defined for component null
2023-04-19 18:19:28,640 [INFO] ThirdPartyModel:298 - Start build external matchings
2023-04-19 18:19:29,000 [INFO] ThirdPartyModel:316 - End build external matchings
2023-04-19 18:19:29,016 [INFO] ImportTextPane:194 - (OptionalMessage_ERROR) IP (RCC) : Parameter (RTCHSEDivFreq_Value) has invalid value (4000000)
2023-04-19 18:19:29,248 [INFO] UtilMem:75 - End LoadConfig() Used Memory: 472918216 Bytes (618659840)
2023-04-19 18:19:29,386 [WARN] ThirdParty:833 - waiting for thirdparty lock release [change project]
2023-04-19 18:19:29,386 [INFO] ThirdParty:835 - entering critical section [change project]
2023-04-19 18:19:29,386 [INFO] ThirdParty:1030 - CMSIS Pack Vendor :STMicroelectronics X-CUBE-ISPU 1.1.0
2023-04-19 18:19:29,386 [INFO] ThirdParty:1030 - CMSIS Pack Vendor :RoweBots I-CUBE-UNISONRTOS 5.5.0-4
2023-04-19 18:19:29,386 [INFO] ThirdParty:1030 - CMSIS Pack Vendor :STMicroelectronics X-CUBE-GNSS1 6.0.0
2023-04-19 18:19:29,386 [INFO] ThirdParty:1030 - CMSIS Pack Vendor :STMicroelectronics USB_HOST 2.0.0
2023-04-19 18:19:29,386 [INFO] ThirdParty:1030 - CMSIS Pack Vendor :STMicroelectronics X-CUBE-AZRTOS-F4 1.1.0
2023-04-19 18:19:29,386 [INFO] ThirdParty:1030 - CMSIS Pack Vendor :STMicroelectronics LIBJPEG 8.0.0
2023-04-19 18:19:29,386 [INFO] ThirdParty:1030 - CMSIS Pack Vendor :STMicroelectronics X-CUBE-SMBUS 2.1.0
2023-04-19 18:19:29,386 [INFO] ThirdParty:1030 - CMSIS Pack Vendor :STMicroelectronics USB_DEVICE 3.0.0
2023-04-19 18:19:29,386 [INFO] ThirdParty:1030 - CMSIS Pack Vendor :STMicroelectronics X-CUBE-AI 8.0.0
2023-04-19 18:19:29,386 [INFO] ThirdParty:1030 - CMSIS Pack Vendor :STMicroelectronics X-CUBE-FREERTOS 1.0.0
2023-04-19 18:19:29,386 [INFO] ThirdParty:1030 - CMSIS Pack Vendor :STMicroelectronics X-CUBE-FREERTOS 1.0.1
2023-04-19 18:19:29,386 [INFO] ThirdParty:1030 - CMSIS Pack Vendor :STMicroelectronics X-CUBE-TOUCHGFX 4.21.1
2023-04-19 18:19:29,386 [INFO] ThirdParty:1030 - CMSIS Pack Vendor :STMicroelectronics X-CUBE-TOUCHGFX 4.21.3
2023-04-19 18:19:29,386 [INFO] ThirdParty:1030 - CMSIS Pack Vendor :STMicroelectronics X-CUBE-AZRTOS-F7 1.1.0
2023-04-19 18:19:29,386 [INFO] ThirdParty:1030 - CMSIS Pack Vendor :STMicroelectronics USB_DEVICE 2.0.0
2023-04-19 18:19:29,386 [INFO] ThirdParty:1030 - CMSIS Pack Vendor :STMicroelectronics X-CUBE-AI 7.3.0
2023-04-19 18:19:29,386 [INFO] ThirdParty:1030 - CMSIS Pack Vendor :STMicroelectronics X-CUBE-ALGOBUILD 1.3.0
2023-04-19 18:19:29,386 [INFO] ThirdParty:1030 - CMSIS Pack Vendor :STMicroelectronics X-CUBE-BLE1 6.2.4
2023-04-19 18:19:29,386 [INFO] ThirdParty:1030 - CMSIS Pack Vendor :STMicroelectronics X-CUBE-AZRTOS-L5 1.1.0
2023-04-19 18:19:29,386 [INFO] ThirdParty:1030 - CMSIS Pack Vendor :STMicroelectronics FreeRTOS 0.0.1
2023-04-19 18:19:29,386 [INFO] ThirdParty:1030 - CMSIS Pack Vendor :emotas I-CUBE-CANOPEN 1.1.3
2023-04-19 18:19:29,386 [INFO] ThirdParty:1030 - CMSIS Pack Vendor :STMicroelectronics X-CUBE-AZRTOS-G0 1.1.0
2023-04-19 18:19:29,386 [INFO] ThirdParty:1030 - CMSIS Pack Vendor :STMicroelectronics X-CUBE-BLEMGR 2.0.0
2023-04-19 18:19:29,386 [INFO] ThirdParty:1030 - CMSIS Pack Vendor :STMicroelectronics X-CUBE-SUBG2 5.0.0
2023-04-19 18:19:29,386 [INFO] ThirdParty:1030 - CMSIS Pack Vendor :STMicroelectronics X-CUBE-NFC4 3.0.0
2023-04-19 18:19:29,386 [INFO] ThirdParty:1030 - CMSIS Pack Vendor :STMicroelectronics STM32_WPAN 1.0.0
2023-04-19 18:19:29,386 [INFO] ThirdParty:1030 - CMSIS Pack Vendor :STMicroelectronics lwIP 2.0.3
2023-04-19 18:19:29,386 [INFO] ThirdParty:1030 - CMSIS Pack Vendor :STMicroelectronics USB_HOST 1.0.0
2023-04-19 18:19:29,386 [INFO] ThirdParty:1030 - CMSIS Pack Vendor :STMicroelectronics PDM2PCM 3.1.0
2023-04-19 18:19:29,386 [INFO] ThirdParty:1030 - CMSIS Pack Vendor :STMicroelectronics X-CUBE-AZRTOS-H7 3.1.0
2023-04-19 18:19:29,386 [INFO] ThirdParty:1030 - CMSIS Pack Vendor :STMicroelectronics X-CUBE-TOF1 3.3.0
2023-04-19 18:19:29,386 [INFO] ThirdParty:1030 - CMSIS Pack Vendor :STMicroelectronics FP-ATR-ASTRA1 1.1.1
2023-04-19 18:19:29,386 [INFO] ThirdParty:1030 - CMSIS Pack Vendor :STMicroelectronics PDM2PCM 3.3.0
2023-04-19 18:19:29,386 [INFO] ThirdParty:1030 - CMSIS Pack Vendor :STMicroelectronics X-CUBE-DISPLAY 3.0.0
2023-04-19 18:19:29,386 [INFO] ThirdParty:1030 - CMSIS Pack Vendor :STMicroelectronics X-CUBE-BLEMGR 1.3.0
2023-04-19 18:19:29,386 [INFO] ThirdParty:1030 - CMSIS Pack Vendor :STMicroelectronics X-CUBE-AZRTOS-G4 1.0.0
2023-04-19 18:19:29,386 [INFO] ThirdParty:1030 - CMSIS Pack Vendor :STMicroelectronics FP-ATR-SIGFOX1 3.2.0
2023-04-19 18:19:29,386 [INFO] ThirdParty:1030 - CMSIS Pack Vendor :wolfSSL I-CUBE-wolfSSL 5.5.4
2023-04-19 18:19:29,386 [INFO] ThirdParty:1030 - CMSIS Pack Vendor :STMicroelectronics X-CUBE-AZRTOS-L4 1.0.0
2023-04-19 18:19:29,386 [INFO] ThirdParty:1030 - CMSIS Pack Vendor :STMicroelectronics HAL Drivers 0.0.0
2023-04-19 18:19:29,386 [INFO] ThirdParty:1030 - CMSIS Pack Vendor :STMicroelectronics MBEDTLS 2.16.2
2023-04-19 18:19:29,386 [INFO] ThirdParty:1030 - CMSIS Pack Vendor :STMicroelectronics MBEDTLS 2.14.1
2023-04-19 18:19:29,386 [INFO] ThirdParty:1030 - CMSIS Pack Vendor :STMicroelectronics X-CUBE-NFC7 1.0.0
2023-04-19 18:19:29,386 [INFO] ThirdParty:1030 - CMSIS Pack Vendor :STMicroelectronics X-CUBE-AZRTOS-WL 1.0.0
2023-04-19 18:19:29,386 [INFO] ThirdParty:1030 - CMSIS Pack Vendor :STMicroelectronics X-CUBE-EEPRMA1 4.1.0
2023-04-19 18:19:29,386 [INFO] ThirdParty:1030 - CMSIS Pack Vendor :portGmbH I-Cube-SoM-uGOAL 1.1.0
2023-04-19 18:19:29,386 [INFO] ThirdParty:1030 - CMSIS Pack Vendor :STMicroelectronics X-CUBE-ALS 1.0.1
2023-04-19 18:19:29,386 [INFO] ThirdParty:1030 - CMSIS Pack Vendor :STMicroelectronics X-CUBE-MEMS1 9.5.0
2023-04-19 18:19:29,386 [INFO] ThirdParty:1030 - CMSIS Pack Vendor :STMicroelectronics ThreadX 1.0.0
2023-04-19 18:19:29,386 [INFO] ThirdParty:1030 - CMSIS Pack Vendor :STMicroelectronics X-CUBE-AZRTOS-WB 1.1.0
2023-04-19 18:19:29,386 [INFO] ThirdParty:1030 - CMSIS Pack Vendor :SEGGER I-CUBE-embOS 1.3.1
2023-04-19 18:19:29,386 [INFO] ThirdParty:1030 - CMSIS Pack Vendor :STMicroelectronics USB_DEVICE 1.0.0
2023-04-19 18:19:29,386 [INFO] ThirdParty:1030 - CMSIS Pack Vendor :STMicroelectronics ThreadX 0.0.2
2023-04-19 18:19:29,386 [INFO] ThirdParty:1030 - CMSIS Pack Vendor :WES I-CUBE-Cesium 1.3.0
2023-04-19 18:19:29,386 [INFO] ThirdParty:1030 - CMSIS Pack Vendor :STMicroelectronics FP-ATR-ASTRA1 2.0.0
2023-04-19 18:19:29,386 [INFO] ThirdParty:1030 - CMSIS Pack Vendor :STMicroelectronics lwIP 2.1.2
2023-04-19 18:19:29,386 [INFO] ThirdParty:1030 - CMSIS Pack Vendor :STMicroelectronics X-CUBE-SFXS2LP1 4.0.0
2023-04-19 18:19:29,386 [INFO] ThirdParty:1030 - CMSIS Pack Vendor :STMicroelectronics X-CUBE-BLE2 3.3.0
2023-04-19 18:19:29,386 [INFO] ThirdParty:1030 - CMSIS Pack Vendor :STMicroelectronics X-CUBE-TOF1 3.2.0
2023-04-19 18:19:29,386 [INFO] ThirdParty:1030 - CMSIS Pack Vendor :STMicroelectronics PDM2PCM 3.2.0
2023-04-19 18:19:29,386 [INFO] ThirdParty:1030 - CMSIS Pack Vendor :STMicroelectronics X-CUBE-AZRTOS-H7 3.0.0
2023-04-19 18:19:29,386 [INFO] ThirdParty:841 - exiting critical section [change project]
2023-04-19 18:19:29,654 [INFO] PinOutPanel:1499 - setPackage(No Configuration,No Configuration)
2023-04-19 18:19:29,654 [INFO] PinOutPanel:1499 - setPackage(STM32F401RETx,LQFP64)
2023-04-19 18:19:30,152 [INFO] UtilMem:75 - Before build in PCC Used Memory: 536529776 Bytes (618659840)
2023-04-19 18:19:30,869 [INFO] UtilMem:75 - After build in PCC Used Memory: 503862280 Bytes (618659840)
2023-04-19 18:19:30,907 [INFO] IPUIPlugin:80 - create IPUIPlugin
2023-04-19 18:19:30,908 [INFO] IPUIPlugin:80 - create IPUIPlugin
2023-04-19 18:19:30,908 [INFO] IPUIPlugin:80 - create IPUIPlugin
2023-04-19 18:19:30,908 [INFO] IPUIPlugin:80 - create IPUIPlugin
2023-04-19 18:19:30,908 [INFO] IPUIPlugin:80 - create IPUIPlugin
2023-04-19 18:19:30,908 [INFO] IPUIPlugin:80 - create IPUIPlugin
2023-04-19 18:19:30,908 [INFO] IPUIPlugin:80 - create IPUIPlugin
2023-04-19 18:19:30,908 [INFO] IPUIPlugin:80 - create IPUIPlugin
2023-04-19 18:19:30,908 [INFO] IPUIPlugin:80 - create IPUIPlugin
2023-04-19 18:19:30,908 [INFO] IPUIPlugin:80 - create IPUIPlugin
2023-04-19 18:19:30,908 [INFO] IPUIPlugin:80 - create IPUIPlugin
2023-04-19 18:19:30,908 [INFO] IPUIPlugin:80 - create IPUIPlugin
2023-04-19 18:19:30,908 [INFO] IPUIPlugin:80 - create IPUIPlugin
2023-04-19 18:19:30,908 [INFO] IPUIPlugin:80 - create IPUIPlugin
2023-04-19 18:19:30,908 [INFO] IPUIPlugin:80 - create IPUIPlugin
2023-04-19 18:19:30,908 [INFO] IPUIPlugin:80 - create IPUIPlugin
2023-04-19 18:19:30,908 [INFO] IPUIPlugin:80 - create IPUIPlugin
2023-04-19 18:19:30,908 [INFO] IPUIPlugin:80 - create IPUIPlugin
2023-04-19 18:19:30,908 [INFO] IPUIPlugin:80 - create IPUIPlugin
2023-04-19 18:19:30,908 [INFO] IPUIPlugin:80 - create IPUIPlugin
2023-04-19 18:19:30,908 [INFO] IPUIPlugin:80 - create IPUIPlugin
2023-04-19 18:19:30,908 [INFO] IPUIPlugin:80 - create IPUIPlugin
2023-04-19 18:19:30,908 [INFO] IPUIPlugin:80 - create IPUIPlugin
2023-04-19 18:19:30,908 [INFO] IPUIPlugin:80 - create IPUIPlugin
2023-04-19 18:19:30,908 [INFO] IPUIPlugin:80 - create IPUIPlugin
2023-04-19 18:19:30,908 [INFO] IPUIPlugin:80 - create IPUIPlugin
2023-04-19 18:19:30,908 [INFO] IPUIPlugin:80 - create IPUIPlugin
2023-04-19 18:19:30,908 [INFO] IPUIPlugin:80 - create IPUIPlugin
2023-04-19 18:19:30,908 [INFO] IPUIPlugin:80 - create IPUIPlugin
2023-04-19 18:19:30,908 [INFO] IPUIPlugin:80 - create IPUIPlugin
2023-04-19 18:19:30,908 [INFO] IPUIPlugin:80 - create IPUIPlugin
2023-04-19 18:19:30,908 [INFO] IPUIPlugin:80 - create IPUIPlugin
2023-04-19 18:19:30,908 [INFO] IPUIPlugin:80 - create IPUIPlugin
2023-04-19 18:19:30,908 [INFO] IPUIPlugin:80 - create IPUIPlugin
2023-04-19 18:19:30,908 [INFO] IPUIPlugin:80 - create IPUIPlugin
2023-04-19 18:19:30,908 [INFO] IPUIPlugin:80 - create IPUIPlugin
2023-04-19 18:19:30,908 [INFO] IPUIPlugin:80 - create IPUIPlugin
2023-04-19 18:19:30,908 [INFO] IPUIPlugin:80 - create IPUIPlugin
2023-04-19 18:19:30,957 [INFO] ApiDbMcu:507 - Load IP Config File for PDM2PCM
2023-04-19 18:19:31,207 [INFO] CADModel:165 - CPN selected for project levelSTM32F401RET6
2023-04-19 18:19:31,207 [INFO] CADModel:114 - Register for checkConnection events
2023-04-19 18:19:31,266 [INFO] OpenFileManager:328 - Restore cursor
2023-04-19 18:19:33,012 [INFO] UtilMem:75 - End SaveConfig() Used Memory: 519019216 Bytes (618659840)
2023-04-19 18:19:33,111 [INFO] UtilMem:75 - End SaveConfig() Used Memory: 532650704 Bytes (618659840)
2023-04-19 18:19:33,636 [INFO] BlockDiagram:2759 - set Specific Code input for plugin: NVIC
2023-04-19 18:19:33,636 [INFO] BlockDiagram:2759 - set Specific Code input for plugin: USART
2023-04-19 18:19:33,636 [INFO] BlockDiagram:2759 - set Specific Code input for plugin: SYS
2023-04-19 18:19:33,636 [INFO] BlockDiagram:2759 - set Specific Code input for plugin: GPIO
2023-04-19 18:19:33,636 [INFO] BlockDiagram:2759 - set Specific Code input for plugin: RCC
2023-04-19 18:19:33,636 [INFO] CodeGenerator:793 - code generatio: config db path: E:\ST\STM32CubeIDE_1.12.0\STM32CubeIDE\plugins\com.st.stm32cube.common.mx_6.8.0.202302231600\\db\
2023-04-19 18:19:34,059 [INFO] CodeEngine:255 - oldGeneratedFile, E:\STM32_projects\STM32_RTOS\STM32_RTOS\MXTmpFiles\license.tmp_save
2023-04-19 18:19:34,601 [INFO] CodeEngine:279 - Generated code: E:\STM32_projects\STM32_RTOS\STM32_RTOS\MXTmpFiles\license.tmp
2023-04-19 18:19:34,702 [INFO] CodeEngine:255 - oldGeneratedFile, E:\STM32_projects\STM32_RTOS\STM32_RTOS\MXTmpFiles\gpio.tmp_save
2023-04-19 18:19:34,851 [INFO] CodeEngine:279 - Generated code: E:\STM32_projects\STM32_RTOS\STM32_RTOS\MXTmpFiles\gpio.tmp
2023-04-19 18:19:34,970 [INFO] CodeEngine:255 - oldGeneratedFile, E:\STM32_projects\STM32_RTOS\STM32_RTOS\Core\Src\stm32f4xx_it.c_save
2023-04-19 18:19:35,489 [INFO] CodeEngine:279 - Generated code: E:\STM32_projects\STM32_RTOS\STM32_RTOS\Core\Src\stm32f4xx_it.c
2023-04-19 18:19:35,517 [INFO] CodeEngine:255 - oldGeneratedFile, E:\STM32_projects\STM32_RTOS\STM32_RTOS\Core\Inc\stm32f4xx_it.h_save
2023-04-19 18:19:35,657 [INFO] CodeEngine:279 - Generated code: E:\STM32_projects\STM32_RTOS\STM32_RTOS\Core\Inc\stm32f4xx_it.h
2023-04-19 18:19:35,688 [INFO] CodeEngine:255 - oldGeneratedFile, E:\STM32_projects\STM32_RTOS\STM32_RTOS\Core\Src\stm32f4xx_hal_msp.c_save
2023-04-19 18:19:35,873 [INFO] CodeEngine:279 - Generated code: E:\STM32_projects\STM32_RTOS\STM32_RTOS\Core\Src\stm32f4xx_hal_msp.c
2023-04-19 18:19:35,873 [INFO] CodeEngine:255 - oldGeneratedFile, E:\STM32_projects\STM32_RTOS\STM32_RTOS\MXTmpFiles\system.tmp_save
2023-04-19 18:19:35,970 [INFO] CodeEngine:279 - Generated code: E:\STM32_projects\STM32_RTOS\STM32_RTOS\MXTmpFiles\system.tmp
2023-04-19 18:19:36,010 [INFO] CodeEngine:311 - oldGeneratedFile, E:\STM32_projects\STM32_RTOS\STM32_RTOS\Core\Inc\stm32f4xx_hal_conf.h_save
2023-04-19 18:19:36,243 [INFO] CodeEngine:335 - Generated code: E:\STM32_projects\STM32_RTOS\STM32_RTOS\Core\Inc\stm32f4xx_hal_conf.h
2023-04-19 18:19:36,364 [INFO] CodeEngine:255 - oldGeneratedFile, E:\STM32_projects\STM32_RTOS\STM32_RTOS\Core\Inc\main.h_save
2023-04-19 18:19:36,786 [INFO] CodeEngine:279 - Generated code: E:\STM32_projects\STM32_RTOS\STM32_RTOS\Core\Inc\main.h
2023-04-19 18:19:36,811 [INFO] CodeEngine:255 - oldGeneratedFile, E:\STM32_projects\STM32_RTOS\STM32_RTOS\Core\Src\main.c_save
2023-04-19 18:19:37,006 [INFO] CodeEngine:279 - Generated code: E:\STM32_projects\STM32_RTOS\STM32_RTOS\Core\Src\main.c
2023-04-19 18:19:37,570 [INFO] ProjectBuilder:2996 - Time for Copy HAL[2] : 0mS.
2023-04-19 18:19:37,639 [INFO] ProjectBuilder:4304 - Project Generator version: 3.19.2
2023-04-19 18:19:37,899 [INFO] ConfigFileManager:1483 - The Die is : DIE433
2023-04-19 18:19:37,924 [INFO] ApiDbMcu:507 - Load IP Config File for FATFS
2023-04-19 18:19:37,955 [INFO] ApiDbMcu:507 - Load IP Config File for FREERTOS
2023-04-19 18:19:37,971 [INFO] ApiDbMcu:507 - Load IP Config File for LIBJPEG
2023-04-19 18:19:38,027 [INFO] ApiDbMcu:507 - Load IP Config File for MBEDTLS
2023-04-19 18:19:38,071 [INFO] ApiDbMcu:507 - Load IP Config File for USB_DEVICE
2023-04-19 18:19:38,140 [INFO] ApiDbMcu:507 - Load IP Config File for USB_HOST
2023-04-19 18:19:39,339 [INFO] LogOutputStream:77 - [STDOUT_REDIRECT] 
2023-04-19 18:19:43,997 [INFO] ProjectBuilder:4505 - Time for Generating toolchain IDE Files: 6358mS.
2023-04-19 18:19:43,998 [INFO] ProjectBuilder:2867 - Time for Copy CMSIS : 0mS.
2023-04-19 18:19:44,010 [INFO] ProjectBuilder:2867 - Time for Copy CMSIS : 0mS.
2023-04-19 18:19:44,959 [INFO] McuFinderGlobals:66 - Set McuFinderConnectedMode to true
2023-04-19 18:19:45,119 [INFO] ApiDb:448 - Save user favorites file C:\Users\Ritesh.S/.stm32cubeide/favorites.mcus.txt: 0 item(s)
2023-04-19 18:19:45,120 [INFO] ApiDb:452 - User favorites MCUs=[]
2023-04-19 18:19:45,559 [ERROR] LogOutputStream:75 - [STDERR_REDIRECT] Exception in thread "AWT-EventQueue-0" java.awt.IllegalComponentStateException: Native resources unavailable
2023-04-19 18:19:45,560 [ERROR] LogOutputStream:75 - [STDERR_REDIRECT] 	at java.desktop/sun.awt.windows.WWindowPeer.getScreenImOn(Native Method)
2023-04-19 18:19:45,561 [ERROR] LogOutputStream:75 - [STDERR_REDIRECT] 	at java.desktop/sun.awt.windows.WWindowPeer.updateGC(WWindowPeer.java:566)
2023-04-19 18:19:45,562 [ERROR] LogOutputStream:75 - [STDERR_REDIRECT] 	at java.desktop/java.awt.event.InvocationEvent.dispatch(InvocationEvent.java:313)
2023-04-19 18:19:45,563 [ERROR] LogOutputStream:75 - [STDERR_REDIRECT] 	at java.desktop/java.awt.EventQueue.dispatchEventImpl(EventQueue.java:770)
2023-04-19 18:19:45,564 [ERROR] LogOutputStream:75 - [STDERR_REDIRECT] 	at java.desktop/java.awt.EventQueue$4.run(EventQueue.java:721)
2023-04-19 18:19:45,565 [ERROR] LogOutputStream:75 - [STDERR_REDIRECT] 	at java.desktop/java.awt.EventQueue$4.run(EventQueue.java:715)
2023-04-19 18:19:45,566 [ERROR] LogOutputStream:75 - [STDERR_REDIRECT] 	at java.base/java.security.AccessController.doPrivileged(Native Method)
2023-04-19 18:19:45,568 [ERROR] LogOutputStream:75 - [STDERR_REDIRECT] 	at java.base/java.security.ProtectionDomain$JavaSecurityAccessImpl.doIntersectionPrivilege(ProtectionDomain.java:85)
2023-04-19 18:19:45,570 [ERROR] LogOutputStream:75 - [STDERR_REDIRECT] 	at java.base/java.security.ProtectionDomain$JavaSecurityAccessImpl.doIntersectionPrivilege(ProtectionDomain.java:95)
2023-04-19 18:19:45,571 [ERROR] LogOutputStream:75 - [STDERR_REDIRECT] 	at java.desktop/java.awt.EventQueue$5.run(EventQueue.java:745)
2023-04-19 18:19:45,572 [ERROR] LogOutputStream:75 - [STDERR_REDIRECT] 	at java.desktop/java.awt.EventQueue$5.run(EventQueue.java:743)
2023-04-19 18:19:45,573 [ERROR] LogOutputStream:75 - [STDERR_REDIRECT] 	at java.base/java.security.AccessController.doPrivileged(Native Method)
2023-04-19 18:19:45,574 [ERROR] LogOutputStream:75 - [STDERR_REDIRECT] 	at java.base/java.security.ProtectionDomain$JavaSecurityAccessImpl.doIntersectionPrivilege(ProtectionDomain.java:85)
2023-04-19 18:19:45,575 [ERROR] LogOutputStream:75 - [STDERR_REDIRECT] 	at java.desktop/java.awt.EventQueue.dispatchEvent(EventQueue.java:742)
2023-04-19 18:19:45,577 [ERROR] LogOutputStream:75 - [STDERR_REDIRECT] 	at java.desktop/java.awt.EventDispatchThread.pumpOneEventForFilters(EventDispatchThread.java:203)
2023-04-19 18:19:45,578 [ERROR] LogOutputStream:75 - [STDERR_REDIRECT] 	at java.desktop/java.awt.EventDispatchThread.pumpEventsForFilter(EventDispatchThread.java:124)
2023-04-19 18:19:45,579 [ERROR] LogOutputStream:75 - [STDERR_REDIRECT] 	at java.desktop/java.awt.EventDispatchThread.pumpEventsForHierarchy(EventDispatchThread.java:113)
2023-04-19 18:19:45,580 [ERROR] LogOutputStream:75 - [STDERR_REDIRECT] 	at java.desktop/java.awt.EventDispatchThread.pumpEvents(EventDispatchThread.java:109)
2023-04-19 18:19:45,581 [ERROR] LogOutputStream:75 - [STDERR_REDIRECT] 	at java.desktop/java.awt.EventDispatchThread.pumpEvents(EventDispatchThread.java:101)
2023-04-19 18:19:45,582 [ERROR] LogOutputStream:75 - [STDERR_REDIRECT] 	at java.desktop/java.awt.EventDispatchThread.run(EventDispatchThread.java:90)
2023-04-19 18:22:25,187 [INFO] MainUpdater:2854 - connection check result : 10
2023-04-19 18:22:25,249 [INFO] McuFinderGlobals:66 - Set McuFinderConnectedMode to true
2023-04-19 18:22:25,249 [INFO] MultiScanPanel:200 - Auto-refresh data requested => check proxy status ongoing
2023-04-19 18:22:25,249 [INFO] FinderPluginLoader:95 - Searching for filters in installed packs
2023-04-19 18:22:25,881 [INFO] LoadUrlFilesThread:185 - End of LoadServerUrlFiles without Thread
2023-04-19 18:22:25,881 [INFO] DetailPanel:341 - Set advertising image to C:/Users/Ritesh.S/STM32Cube/Repository/\en.prom-stm32h5-mcu-finder.jpg
2023-04-19 18:22:40,088 [INFO] MainUpdater:2854 - connection check result : 10
2023-04-19 18:22:40,088 [INFO] MainUpdater:2854 - connection check result : 10
2023-04-19 18:22:40,341 [INFO] MicroXplorer:468 - Change Database Path : 
2023-04-19 18:22:40,341 [INFO] MicroXplorer:498 - Change Database Version : DB.6.0.80
2023-04-19 18:22:40,357 [WARN] ThirdParty:871 - waiting for thirdparty lock release [close project]
2023-04-19 18:22:40,357 [INFO] ThirdParty:873 - entering critical section [close project]
2023-04-19 18:22:40,357 [INFO] ThirdParty:883 - exiting critical section [close project]
2023-04-19 18:22:40,357 [INFO] PinOutPanel:1499 - setPackage(No Configuration,No Configuration)
2023-04-19 18:22:40,373 [WARN] IpParametersView:150 - Warning: This peripheral hasn't parameters
2023-04-19 18:22:40,395 [WARN] MainPanel:257 - <html><b><center>Warning: This peripheral has no parameters to be configured<br></b></html>
2023-04-19 18:22:40,395 [INFO] UtilMem:75 - Begin LoadConfig() Used Memory: 671413616 Bytes (836763648)
2023-04-19 18:22:43,050 [INFO] MicroXplorer:468 - Change Database Path : 
2023-04-19 18:22:43,050 [INFO] MicroXplorer:498 - Change Database Version : DB.6.0.80
2023-04-19 18:22:43,050 [INFO] OpenFileManager:308 - Change cursor
2023-04-19 18:22:43,066 [INFO] RulesReader:64 - Compatibility file has been processed (293 Rules)
2023-04-19 18:22:43,081 [INFO] Mcu:1937 - Initializing MCU STM32F401R(D-E)Tx STM32F401RETx STM32F401RET6
2023-04-19 18:22:43,812 [INFO] Context:659 - Trying to add GPIOservice into a context  which must be forbidden
2023-04-19 18:22:43,981 [INFO] Rule:228 - rule WakeUp0 Mode is applicable
2023-04-19 18:22:43,981 [INFO] Rule:228 - rule WakeUp0 SIGNAL is applicable
2023-04-19 18:22:43,981 [INFO] Rule:228 - rule WakeUp1 Mode is applicable
2023-04-19 18:22:43,981 [INFO] Rule:228 - rule WakeUp1 SIGNAL is applicable
2023-04-19 18:22:43,981 [INFO] Rule:228 - rule WakeUp2 Mode is applicable
2023-04-19 18:22:43,981 [INFO] Rule:228 - rule WakeUp2 SIGNAL is applicable
2023-04-19 18:22:43,981 [INFO] Rule:228 - rule WakeUp4 Mode is applicable
2023-04-19 18:22:43,981 [INFO] Rule:228 - rule WakeUp4 SIGNAL is applicable
2023-04-19 18:22:43,981 [INFO] Rule:228 - rule WakeUp5 Mode is applicable
2023-04-19 18:22:43,981 [INFO] Rule:228 - rule WakeUp5 SIGNAL is applicable
2023-04-19 18:22:43,981 [INFO] DbConfProperties:307 - Apply Compatibility (0/10 Rules)
2023-04-19 18:22:43,997 [INFO] RtosManager:555 - Registered RTOS mode: class=CMSIS, group=RTOS, mode=CMSIS_V1, owner=FREERTOS
2023-04-19 18:22:43,997 [INFO] RtosManager:555 - Registered RTOS mode: class=CMSIS, group=RTOS2, mode=CMSIS_V2, owner=FREERTOS
2023-04-19 18:22:43,997 [INFO] RtosManager:555 - Registered RTOS mode: class=RTOS, group=Core, mode=CMSIS_V1, owner=FREERTOS
2023-04-19 18:22:43,997 [INFO] RtosManager:555 - Registered RTOS mode: class=RTOS, group=Core, mode=CMSIS_V2, owner=FREERTOS
2023-04-19 18:22:43,997 [WARN] ModelIntegratedComponent:184 - Missing modes for component STMicroelectronics:FreeRTOS:0.0.1:STMicroelectronics:RTOS:FreeRTOS:Core:::10.2.0:
2023-04-19 18:22:44,013 [WARN] ModelIntegratedComponent:63 - No mode defined for component null
2023-04-19 18:22:44,013 [WARN] ModelIntegratedComponent:63 - No mode defined for component null
2023-04-19 18:22:44,013 [WARN] ModelIntegratedComponent:63 - No mode defined for component null
2023-04-19 18:22:44,013 [WARN] ModelIntegratedComponent:63 - No mode defined for component null
2023-04-19 18:22:44,013 [WARN] ModelIntegratedComponent:63 - No mode defined for component null
2023-04-19 18:22:44,013 [WARN] ModelIntegratedComponent:63 - No mode defined for component null
2023-04-19 18:22:44,013 [WARN] ModelIntegratedComponent:63 - No mode defined for component null
2023-04-19 18:22:44,013 [WARN] ModelIntegratedComponent:63 - No mode defined for component null
2023-04-19 18:22:44,013 [WARN] ModelIntegratedComponent:63 - No mode defined for component null
2023-04-19 18:22:44,013 [WARN] ModelIntegratedComponent:63 - No mode defined for component null
2023-04-19 18:22:44,013 [WARN] ModelIntegratedComponent:63 - No mode defined for component null
2023-04-19 18:22:44,013 [WARN] ModelIntegratedComponent:63 - No mode defined for component null
2023-04-19 18:22:44,013 [WARN] ModelIntegratedComponent:63 - No mode defined for component null
2023-04-19 18:22:44,013 [WARN] ModelIntegratedComponent:63 - No mode defined for component null
2023-04-19 18:22:44,013 [WARN] ModelIntegratedComponent:63 - No mode defined for component null
2023-04-19 18:22:44,013 [WARN] ModelIntegratedComponent:63 - No mode defined for component null
2023-04-19 18:22:44,013 [WARN] ModelIntegratedComponent:63 - No mode defined for component null
2023-04-19 18:22:44,013 [WARN] ModelIntegratedComponent:63 - No mode defined for component null
2023-04-19 18:22:44,013 [WARN] ModelIntegratedComponent:63 - No mode defined for component null
2023-04-19 18:22:44,013 [WARN] ModelIntegratedComponent:63 - No mode defined for component null
2023-04-19 18:22:44,013 [WARN] ModelIntegratedComponent:63 - No mode defined for component null
2023-04-19 18:22:44,013 [WARN] ModelIntegratedComponent:63 - No mode defined for component null
2023-04-19 18:22:44,013 [WARN] ModelIntegratedComponent:63 - No mode defined for component null
2023-04-19 18:22:44,013 [WARN] ModelIntegratedComponent:63 - No mode defined for component null
2023-04-19 18:22:44,013 [WARN] ModelIntegratedComponent:63 - No mode defined for component null
2023-04-19 18:22:44,013 [WARN] ModelIntegratedComponent:63 - No mode defined for component null
2023-04-19 18:22:44,013 [WARN] ModelIntegratedComponent:63 - No mode defined for component null
2023-04-19 18:22:44,013 [WARN] ModelIntegratedComponent:63 - No mode defined for component null
2023-04-19 18:22:44,013 [WARN] ModelIntegratedComponent:63 - No mode defined for component null
2023-04-19 18:22:44,013 [WARN] ModelIntegratedComponent:63 - No mode defined for component null
2023-04-19 18:22:44,013 [WARN] ModelIntegratedComponent:63 - No mode defined for component null
2023-04-19 18:22:44,013 [WARN] ModelIntegratedComponent:63 - No mode defined for component null
2023-04-19 18:22:44,013 [WARN] ModelIntegratedComponent:63 - No mode defined for component null
2023-04-19 18:22:44,097 [INFO] ThirdPartyModel:298 - Start build external matchings
2023-04-19 18:22:44,480 [INFO] ThirdPartyModel:316 - End build external matchings
2023-04-19 18:22:44,490 [INFO] ImportTextPane:194 - (OptionalMessage_ERROR) IP (RCC) : Parameter (RTCHSEDivFreq_Value) has invalid value (4000000)
2023-04-19 18:22:44,695 [INFO] UtilMem:75 - End LoadConfig() Used Memory: 689019616 Bytes (836763648)
2023-04-19 18:22:44,706 [WARN] ThirdParty:833 - waiting for thirdparty lock release [change project]
2023-04-19 18:22:44,706 [INFO] ThirdParty:835 - entering critical section [change project]
2023-04-19 18:22:44,706 [INFO] ThirdParty:1030 - CMSIS Pack Vendor :STMicroelectronics X-CUBE-ISPU 1.1.0
2023-04-19 18:22:44,706 [INFO] ThirdParty:1030 - CMSIS Pack Vendor :RoweBots I-CUBE-UNISONRTOS 5.5.0-4
2023-04-19 18:22:44,706 [INFO] ThirdParty:1030 - CMSIS Pack Vendor :STMicroelectronics X-CUBE-GNSS1 6.0.0
2023-04-19 18:22:44,706 [INFO] ThirdParty:1030 - CMSIS Pack Vendor :STMicroelectronics USB_HOST 2.0.0
2023-04-19 18:22:44,706 [INFO] ThirdParty:1030 - CMSIS Pack Vendor :STMicroelectronics X-CUBE-AZRTOS-F4 1.1.0
2023-04-19 18:22:44,706 [INFO] ThirdParty:1030 - CMSIS Pack Vendor :STMicroelectronics LIBJPEG 8.0.0
2023-04-19 18:22:44,706 [INFO] ThirdParty:1030 - CMSIS Pack Vendor :STMicroelectronics X-CUBE-SMBUS 2.1.0
2023-04-19 18:22:44,706 [INFO] ThirdParty:1030 - CMSIS Pack Vendor :STMicroelectronics USB_DEVICE 3.0.0
2023-04-19 18:22:44,706 [INFO] ThirdParty:1030 - CMSIS Pack Vendor :STMicroelectronics X-CUBE-AI 8.0.0
2023-04-19 18:22:44,706 [INFO] ThirdParty:1030 - CMSIS Pack Vendor :STMicroelectronics X-CUBE-FREERTOS 1.0.0
2023-04-19 18:22:44,706 [INFO] ThirdParty:1030 - CMSIS Pack Vendor :STMicroelectronics X-CUBE-FREERTOS 1.0.1
2023-04-19 18:22:44,706 [INFO] ThirdParty:1030 - CMSIS Pack Vendor :STMicroelectronics X-CUBE-TOUCHGFX 4.21.1
2023-04-19 18:22:44,706 [INFO] ThirdParty:1030 - CMSIS Pack Vendor :STMicroelectronics X-CUBE-TOUCHGFX 4.21.3
2023-04-19 18:22:44,706 [INFO] ThirdParty:1030 - CMSIS Pack Vendor :STMicroelectronics X-CUBE-AZRTOS-F7 1.1.0
2023-04-19 18:22:44,706 [INFO] ThirdParty:1030 - CMSIS Pack Vendor :STMicroelectronics USB_DEVICE 2.0.0
2023-04-19 18:22:44,706 [INFO] ThirdParty:1030 - CMSIS Pack Vendor :STMicroelectronics X-CUBE-AI 7.3.0
2023-04-19 18:22:44,706 [INFO] ThirdParty:1030 - CMSIS Pack Vendor :STMicroelectronics X-CUBE-ALGOBUILD 1.3.0
2023-04-19 18:22:44,706 [INFO] ThirdParty:1030 - CMSIS Pack Vendor :STMicroelectronics X-CUBE-BLE1 6.2.4
2023-04-19 18:22:44,706 [INFO] ThirdParty:1030 - CMSIS Pack Vendor :STMicroelectronics X-CUBE-AZRTOS-L5 1.1.0
2023-04-19 18:22:44,706 [INFO] ThirdParty:1030 - CMSIS Pack Vendor :STMicroelectronics FreeRTOS 0.0.1
2023-04-19 18:22:44,706 [INFO] ThirdParty:1030 - CMSIS Pack Vendor :emotas I-CUBE-CANOPEN 1.1.3
2023-04-19 18:22:44,706 [INFO] ThirdParty:1030 - CMSIS Pack Vendor :STMicroelectronics X-CUBE-AZRTOS-G0 1.1.0
2023-04-19 18:22:44,706 [INFO] ThirdParty:1030 - CMSIS Pack Vendor :STMicroelectronics X-CUBE-BLEMGR 2.0.0
2023-04-19 18:22:44,706 [INFO] ThirdParty:1030 - CMSIS Pack Vendor :STMicroelectronics X-CUBE-SUBG2 5.0.0
2023-04-19 18:22:44,706 [INFO] ThirdParty:1030 - CMSIS Pack Vendor :STMicroelectronics X-CUBE-NFC4 3.0.0
2023-04-19 18:22:44,706 [INFO] ThirdParty:1030 - CMSIS Pack Vendor :STMicroelectronics STM32_WPAN 1.0.0
2023-04-19 18:22:44,706 [INFO] ThirdParty:1030 - CMSIS Pack Vendor :STMicroelectronics lwIP 2.0.3
2023-04-19 18:22:44,706 [INFO] ThirdParty:1030 - CMSIS Pack Vendor :STMicroelectronics USB_HOST 1.0.0
2023-04-19 18:22:44,706 [INFO] ThirdParty:1030 - CMSIS Pack Vendor :STMicroelectronics PDM2PCM 3.1.0
2023-04-19 18:22:44,706 [INFO] ThirdParty:1030 - CMSIS Pack Vendor :STMicroelectronics X-CUBE-AZRTOS-H7 3.1.0
2023-04-19 18:22:44,706 [INFO] ThirdParty:1030 - CMSIS Pack Vendor :STMicroelectronics X-CUBE-TOF1 3.3.0
2023-04-19 18:22:44,706 [INFO] ThirdParty:1030 - CMSIS Pack Vendor :STMicroelectronics FP-ATR-ASTRA1 1.1.1
2023-04-19 18:22:44,706 [INFO] ThirdParty:1030 - CMSIS Pack Vendor :STMicroelectronics PDM2PCM 3.3.0
2023-04-19 18:22:44,706 [INFO] ThirdParty:1030 - CMSIS Pack Vendor :STMicroelectronics X-CUBE-DISPLAY 3.0.0
2023-04-19 18:22:44,706 [INFO] ThirdParty:1030 - CMSIS Pack Vendor :STMicroelectronics X-CUBE-BLEMGR 1.3.0
2023-04-19 18:22:44,706 [INFO] ThirdParty:1030 - CMSIS Pack Vendor :STMicroelectronics X-CUBE-AZRTOS-G4 1.0.0
2023-04-19 18:22:44,706 [INFO] ThirdParty:1030 - CMSIS Pack Vendor :STMicroelectronics FP-ATR-SIGFOX1 3.2.0
2023-04-19 18:22:44,706 [INFO] ThirdParty:1030 - CMSIS Pack Vendor :wolfSSL I-CUBE-wolfSSL 5.5.4
2023-04-19 18:22:44,706 [INFO] ThirdParty:1030 - CMSIS Pack Vendor :STMicroelectronics X-CUBE-AZRTOS-L4 1.0.0
2023-04-19 18:22:44,706 [INFO] ThirdParty:1030 - CMSIS Pack Vendor :STMicroelectronics HAL Drivers 0.0.0
2023-04-19 18:22:44,706 [INFO] ThirdParty:1030 - CMSIS Pack Vendor :STMicroelectronics MBEDTLS 2.16.2
2023-04-19 18:22:44,706 [INFO] ThirdParty:1030 - CMSIS Pack Vendor :STMicroelectronics MBEDTLS 2.14.1
2023-04-19 18:22:44,706 [INFO] ThirdParty:1030 - CMSIS Pack Vendor :STMicroelectronics X-CUBE-NFC7 1.0.0
2023-04-19 18:22:44,706 [INFO] ThirdParty:1030 - CMSIS Pack Vendor :STMicroelectronics X-CUBE-AZRTOS-WL 1.0.0
2023-04-19 18:22:44,706 [INFO] ThirdParty:1030 - CMSIS Pack Vendor :STMicroelectronics X-CUBE-EEPRMA1 4.1.0
2023-04-19 18:22:44,706 [INFO] ThirdParty:1030 - CMSIS Pack Vendor :portGmbH I-Cube-SoM-uGOAL 1.1.0
2023-04-19 18:22:44,706 [INFO] ThirdParty:1030 - CMSIS Pack Vendor :STMicroelectronics X-CUBE-ALS 1.0.1
2023-04-19 18:22:44,706 [INFO] ThirdParty:1030 - CMSIS Pack Vendor :STMicroelectronics X-CUBE-MEMS1 9.5.0
2023-04-19 18:22:44,706 [INFO] ThirdParty:1030 - CMSIS Pack Vendor :STMicroelectronics ThreadX 1.0.0
2023-04-19 18:22:44,706 [INFO] ThirdParty:1030 - CMSIS Pack Vendor :STMicroelectronics X-CUBE-AZRTOS-WB 1.1.0
2023-04-19 18:22:44,706 [INFO] ThirdParty:1030 - CMSIS Pack Vendor :SEGGER I-CUBE-embOS 1.3.1
2023-04-19 18:22:44,706 [INFO] ThirdParty:1030 - CMSIS Pack Vendor :STMicroelectronics USB_DEVICE 1.0.0
2023-04-19 18:22:44,706 [INFO] ThirdParty:1030 - CMSIS Pack Vendor :STMicroelectronics ThreadX 0.0.2
2023-04-19 18:22:44,722 [INFO] ThirdParty:1030 - CMSIS Pack Vendor :WES I-CUBE-Cesium 1.3.0
2023-04-19 18:22:44,722 [INFO] ThirdParty:1030 - CMSIS Pack Vendor :STMicroelectronics FP-ATR-ASTRA1 2.0.0
2023-04-19 18:22:44,722 [INFO] ThirdParty:1030 - CMSIS Pack Vendor :STMicroelectronics lwIP 2.1.2
2023-04-19 18:22:44,722 [INFO] ThirdParty:1030 - CMSIS Pack Vendor :STMicroelectronics X-CUBE-SFXS2LP1 4.0.0
2023-04-19 18:22:44,722 [INFO] ThirdParty:1030 - CMSIS Pack Vendor :STMicroelectronics X-CUBE-BLE2 3.3.0
2023-04-19 18:22:44,722 [INFO] ThirdParty:1030 - CMSIS Pack Vendor :STMicroelectronics X-CUBE-TOF1 3.2.0
2023-04-19 18:22:44,722 [INFO] ThirdParty:1030 - CMSIS Pack Vendor :STMicroelectronics PDM2PCM 3.2.0
2023-04-19 18:22:44,722 [INFO] ThirdParty:1030 - CMSIS Pack Vendor :STMicroelectronics X-CUBE-AZRTOS-H7 3.0.0
2023-04-19 18:22:44,722 [INFO] ThirdParty:841 - exiting critical section [change project]
2023-04-19 18:22:44,880 [INFO] PinOutPanel:1499 - setPackage(No Configuration,No Configuration)
2023-04-19 18:22:44,880 [INFO] PinOutPanel:1499 - setPackage(STM32F401RETx,LQFP64)
2023-04-19 18:22:45,080 [INFO] UtilMem:75 - Before build in PCC Used Memory: 559476288 Bytes (836763648)
2023-04-19 18:22:45,435 [INFO] UtilMem:75 - After build in PCC Used Memory: 604042816 Bytes (836763648)
2023-04-19 18:22:45,451 [INFO] IPUIPlugin:80 - create IPUIPlugin
2023-04-19 18:22:45,451 [INFO] IPUIPlugin:80 - create IPUIPlugin
2023-04-19 18:22:45,451 [INFO] IPUIPlugin:80 - create IPUIPlugin
2023-04-19 18:22:45,451 [INFO] IPUIPlugin:80 - create IPUIPlugin
2023-04-19 18:22:45,451 [INFO] IPUIPlugin:80 - create IPUIPlugin
2023-04-19 18:22:45,451 [INFO] IPUIPlugin:80 - create IPUIPlugin
2023-04-19 18:22:45,451 [INFO] IPUIPlugin:80 - create IPUIPlugin
2023-04-19 18:22:45,451 [INFO] IPUIPlugin:80 - create IPUIPlugin
2023-04-19 18:22:45,451 [INFO] IPUIPlugin:80 - create IPUIPlugin
2023-04-19 18:22:45,467 [INFO] IPUIPlugin:80 - create IPUIPlugin
2023-04-19 18:22:45,467 [INFO] IPUIPlugin:80 - create IPUIPlugin
2023-04-19 18:22:45,467 [INFO] IPUIPlugin:80 - create IPUIPlugin
2023-04-19 18:22:45,467 [INFO] IPUIPlugin:80 - create IPUIPlugin
2023-04-19 18:22:45,467 [INFO] IPUIPlugin:80 - create IPUIPlugin
2023-04-19 18:22:45,467 [INFO] IPUIPlugin:80 - create IPUIPlugin
2023-04-19 18:22:45,467 [INFO] IPUIPlugin:80 - create IPUIPlugin
2023-04-19 18:22:45,467 [INFO] IPUIPlugin:80 - create IPUIPlugin
2023-04-19 18:22:45,467 [INFO] IPUIPlugin:80 - create IPUIPlugin
2023-04-19 18:22:45,467 [INFO] IPUIPlugin:80 - create IPUIPlugin
2023-04-19 18:22:45,467 [INFO] IPUIPlugin:80 - create IPUIPlugin
2023-04-19 18:22:45,467 [INFO] IPUIPlugin:80 - create IPUIPlugin
2023-04-19 18:22:45,467 [INFO] IPUIPlugin:80 - create IPUIPlugin
2023-04-19 18:22:45,467 [INFO] IPUIPlugin:80 - create IPUIPlugin
2023-04-19 18:22:45,467 [INFO] IPUIPlugin:80 - create IPUIPlugin
2023-04-19 18:22:45,467 [INFO] IPUIPlugin:80 - create IPUIPlugin
2023-04-19 18:22:45,467 [INFO] IPUIPlugin:80 - create IPUIPlugin
2023-04-19 18:22:45,467 [INFO] IPUIPlugin:80 - create IPUIPlugin
2023-04-19 18:22:45,467 [INFO] IPUIPlugin:80 - create IPUIPlugin
2023-04-19 18:22:45,467 [INFO] IPUIPlugin:80 - create IPUIPlugin
2023-04-19 18:22:45,467 [INFO] IPUIPlugin:80 - create IPUIPlugin
2023-04-19 18:22:45,467 [INFO] IPUIPlugin:80 - create IPUIPlugin
2023-04-19 18:22:45,467 [INFO] IPUIPlugin:80 - create IPUIPlugin
2023-04-19 18:22:45,467 [INFO] IPUIPlugin:80 - create IPUIPlugin
2023-04-19 18:22:45,467 [INFO] IPUIPlugin:80 - create IPUIPlugin
2023-04-19 18:22:45,467 [INFO] IPUIPlugin:80 - create IPUIPlugin
2023-04-19 18:22:45,467 [INFO] IPUIPlugin:80 - create IPUIPlugin
2023-04-19 18:22:45,467 [INFO] IPUIPlugin:80 - create IPUIPlugin
2023-04-19 18:22:45,467 [INFO] IPUIPlugin:80 - create IPUIPlugin
2023-04-19 18:22:45,467 [INFO] ApiDbMcu:507 - Load IP Config File for PDM2PCM
2023-04-19 18:22:45,513 [INFO] CADModel:165 - CPN selected for project levelSTM32F401RET6
2023-04-19 18:22:45,513 [INFO] CADModel:114 - Register for checkConnection events
2023-04-19 18:22:45,567 [INFO] OpenFileManager:328 - Restore cursor
2023-04-19 18:22:45,867 [INFO] UtilMem:75 - End SaveConfig() Used Memory: 690770200 Bytes (836763648)
2023-04-19 18:22:45,936 [INFO] UtilMem:75 - End SaveConfig() Used Memory: 536926888 Bytes (836763648)
2023-04-19 18:22:46,152 [INFO] BlockDiagram:2759 - set Specific Code input for plugin: NVIC
2023-04-19 18:22:46,152 [INFO] BlockDiagram:2759 - set Specific Code input for plugin: USART
2023-04-19 18:22:46,152 [INFO] BlockDiagram:2759 - set Specific Code input for plugin: SYS
2023-04-19 18:22:46,152 [INFO] BlockDiagram:2759 - set Specific Code input for plugin: GPIO
2023-04-19 18:22:46,152 [INFO] BlockDiagram:2759 - set Specific Code input for plugin: RCC
2023-04-19 18:22:46,168 [INFO] CodeGenerator:793 - code generatio: config db path: E:\ST\STM32CubeIDE_1.12.0\STM32CubeIDE\plugins\com.st.stm32cube.common.mx_6.8.0.202302231600\\db\
2023-04-19 18:22:46,383 [INFO] CodeEngine:255 - oldGeneratedFile, E:\STM32_projects\STM32_RTOS\STM32_RTOS\MXTmpFiles\license.tmp_save
2023-04-19 18:22:46,498 [INFO] CodeEngine:279 - Generated code: E:\STM32_projects\STM32_RTOS\STM32_RTOS\MXTmpFiles\license.tmp
2023-04-19 18:22:46,552 [INFO] CodeEngine:255 - oldGeneratedFile, E:\STM32_projects\STM32_RTOS\STM32_RTOS\MXTmpFiles\gpio.tmp_save
2023-04-19 18:22:46,645 [INFO] CodeEngine:279 - Generated code: E:\STM32_projects\STM32_RTOS\STM32_RTOS\MXTmpFiles\gpio.tmp
2023-04-19 18:22:46,752 [INFO] CodeEngine:255 - oldGeneratedFile, E:\STM32_projects\STM32_RTOS\STM32_RTOS\Core\Src\stm32f4xx_it.c_save
2023-04-19 18:22:47,219 [INFO] CodeEngine:279 - Generated code: E:\STM32_projects\STM32_RTOS\STM32_RTOS\Core\Src\stm32f4xx_it.c
2023-04-19 18:22:47,219 [INFO] CodeEngine:255 - oldGeneratedFile, E:\STM32_projects\STM32_RTOS\STM32_RTOS\Core\Inc\stm32f4xx_it.h_save
2023-04-19 18:22:47,337 [INFO] CodeEngine:279 - Generated code: E:\STM32_projects\STM32_RTOS\STM32_RTOS\Core\Inc\stm32f4xx_it.h
2023-04-19 18:22:47,353 [INFO] CodeEngine:255 - oldGeneratedFile, E:\STM32_projects\STM32_RTOS\STM32_RTOS\Core\Src\stm32f4xx_hal_msp.c_save
2023-04-19 18:22:47,506 [INFO] CodeEngine:279 - Generated code: E:\STM32_projects\STM32_RTOS\STM32_RTOS\Core\Src\stm32f4xx_hal_msp.c
2023-04-19 18:22:47,506 [INFO] CodeEngine:255 - oldGeneratedFile, E:\STM32_projects\STM32_RTOS\STM32_RTOS\MXTmpFiles\system.tmp_save
2023-04-19 18:22:47,575 [INFO] CodeEngine:279 - Generated code: E:\STM32_projects\STM32_RTOS\STM32_RTOS\MXTmpFiles\system.tmp
2023-04-19 18:22:47,594 [INFO] CodeEngine:311 - oldGeneratedFile, E:\STM32_projects\STM32_RTOS\STM32_RTOS\Core\Inc\stm32f4xx_hal_conf.h_save
2023-04-19 18:22:48,007 [INFO] CodeEngine:335 - Generated code: E:\STM32_projects\STM32_RTOS\STM32_RTOS\Core\Inc\stm32f4xx_hal_conf.h
2023-04-19 18:22:48,096 [INFO] CodeEngine:255 - oldGeneratedFile, E:\STM32_projects\STM32_RTOS\STM32_RTOS\Core\Inc\main.h_save
2023-04-19 18:22:48,208 [INFO] CodeEngine:279 - Generated code: E:\STM32_projects\STM32_RTOS\STM32_RTOS\Core\Inc\main.h
2023-04-19 18:22:48,212 [INFO] CodeEngine:255 - oldGeneratedFile, E:\STM32_projects\STM32_RTOS\STM32_RTOS\Core\Src\main.c_save
2023-04-19 18:22:48,371 [INFO] CodeEngine:279 - Generated code: E:\STM32_projects\STM32_RTOS\STM32_RTOS\Core\Src\main.c
2023-04-19 18:22:48,793 [INFO] ProjectBuilder:2996 - Time for Copy HAL[2] : 0mS.
2023-04-19 18:22:48,808 [INFO] ProjectBuilder:4304 - Project Generator version: 3.19.2
2023-04-19 18:22:49,107 [INFO] ConfigFileManager:1483 - The Die is : DIE433
2023-04-19 18:22:49,123 [INFO] ApiDbMcu:507 - Load IP Config File for FATFS
2023-04-19 18:22:49,138 [INFO] ApiDbMcu:507 - Load IP Config File for FREERTOS
2023-04-19 18:22:49,138 [INFO] ApiDbMcu:507 - Load IP Config File for LIBJPEG
2023-04-19 18:22:49,174 [INFO] ApiDbMcu:507 - Load IP Config File for MBEDTLS
2023-04-19 18:22:49,206 [INFO] ApiDbMcu:507 - Load IP Config File for USB_DEVICE
2023-04-19 18:22:49,206 [INFO] ApiDbMcu:507 - Load IP Config File for USB_HOST
2023-04-19 18:22:53,036 [INFO] ProjectBuilder:4505 - Time for Generating toolchain IDE Files: 4228mS.
2023-04-19 18:22:53,037 [INFO] ProjectBuilder:2867 - Time for Copy CMSIS : 0mS.
2023-04-19 18:22:53,041 [INFO] ProjectBuilder:2867 - Time for Copy CMSIS : 0mS.
2023-04-19 18:22:53,432 [INFO] McuFinderGlobals:66 - Set McuFinderConnectedMode to true
2023-04-19 18:22:53,574 [INFO] ApiDb:448 - Save user favorites file C:\Users\Ritesh.S/.stm32cubeide/favorites.mcus.txt: 0 item(s)
2023-04-19 18:22:53,575 [INFO] ApiDb:452 - User favorites MCUs=[]
2023-04-19 18:22:53,905 [ERROR] LogOutputStream:75 - [STDERR_REDIRECT] Exception in thread "AWT-EventQueue-0" java.awt.IllegalComponentStateException: Native resources unavailable
2023-04-19 18:22:53,905 [ERROR] LogOutputStream:75 - [STDERR_REDIRECT] 	at java.desktop/sun.awt.windows.WWindowPeer.getScreenImOn(Native Method)
2023-04-19 18:22:53,905 [ERROR] LogOutputStream:75 - [STDERR_REDIRECT] 	at java.desktop/sun.awt.windows.WWindowPeer.updateGC(WWindowPeer.java:566)
2023-04-19 18:22:53,905 [ERROR] LogOutputStream:75 - [STDERR_REDIRECT] 	at java.desktop/java.awt.event.InvocationEvent.dispatch(InvocationEvent.java:313)
2023-04-19 18:22:53,905 [ERROR] LogOutputStream:75 - [STDERR_REDIRECT] 	at java.desktop/java.awt.EventQueue.dispatchEventImpl(EventQueue.java:770)
2023-04-19 18:22:53,905 [ERROR] LogOutputStream:75 - [STDERR_REDIRECT] 	at java.desktop/java.awt.EventQueue$4.run(EventQueue.java:721)
2023-04-19 18:22:53,921 [ERROR] LogOutputStream:75 - [STDERR_REDIRECT] 	at java.desktop/java.awt.EventQueue$4.run(EventQueue.java:715)
2023-04-19 18:22:53,921 [ERROR] LogOutputStream:75 - [STDERR_REDIRECT] 	at java.base/java.security.AccessController.doPrivileged(Native Method)
2023-04-19 18:22:53,921 [ERROR] LogOutputStream:75 - [STDERR_REDIRECT] 	at java.base/java.security.ProtectionDomain$JavaSecurityAccessImpl.doIntersectionPrivilege(ProtectionDomain.java:85)
2023-04-19 18:22:53,921 [ERROR] LogOutputStream:75 - [STDERR_REDIRECT] 	at java.base/java.security.ProtectionDomain$JavaSecurityAccessImpl.doIntersectionPrivilege(ProtectionDomain.java:95)
2023-04-19 18:22:53,921 [ERROR] LogOutputStream:75 - [STDERR_REDIRECT] 	at java.desktop/java.awt.EventQueue$5.run(EventQueue.java:745)
2023-04-19 18:22:53,921 [ERROR] LogOutputStream:75 - [STDERR_REDIRECT] 	at java.desktop/java.awt.EventQueue$5.run(EventQueue.java:743)
2023-04-19 18:22:53,921 [ERROR] LogOutputStream:75 - [STDERR_REDIRECT] 	at java.base/java.security.AccessController.doPrivileged(Native Method)
2023-04-19 18:22:53,921 [ERROR] LogOutputStream:75 - [STDERR_REDIRECT] 	at java.base/java.security.ProtectionDomain$JavaSecurityAccessImpl.doIntersectionPrivilege(ProtectionDomain.java:85)
2023-04-19 18:22:53,921 [ERROR] LogOutputStream:75 - [STDERR_REDIRECT] 	at java.desktop/java.awt.EventQueue.dispatchEvent(EventQueue.java:742)
2023-04-19 18:22:53,921 [ERROR] LogOutputStream:75 - [STDERR_REDIRECT] 	at java.desktop/java.awt.EventDispatchThread.pumpOneEventForFilters(EventDispatchThread.java:203)
2023-04-19 18:22:53,936 [ERROR] LogOutputStream:75 - [STDERR_REDIRECT] 	at java.desktop/java.awt.EventDispatchThread.pumpEventsForFilter(EventDispatchThread.java:124)
2023-04-19 18:22:53,936 [ERROR] LogOutputStream:75 - [STDERR_REDIRECT] 	at java.desktop/java.awt.EventDispatchThread.pumpEventsForHierarchy(EventDispatchThread.java:113)
2023-04-19 18:22:53,936 [ERROR] LogOutputStream:75 - [STDERR_REDIRECT] 	at java.desktop/java.awt.EventDispatchThread.pumpEvents(EventDispatchThread.java:109)
2023-04-19 18:22:53,936 [ERROR] LogOutputStream:75 - [STDERR_REDIRECT] 	at java.desktop/java.awt.EventDispatchThread.pumpEvents(EventDispatchThread.java:101)
2023-04-19 18:22:53,936 [ERROR] LogOutputStream:75 - [STDERR_REDIRECT] 	at java.desktop/java.awt.EventDispatchThread.run(EventDispatchThread.java:90)
